This file contains any messages produced by compilers while
running configure, to aid debugging if configure makes a mistake.

It was created by tdbcmysql configure 1.1.1, which was
generated by GNU Autoconf 2.69.  Invocation command line was

  $ /data/data/com.termux/files/home/.termux-build/tcl/src/pkgs/tdbcmysql1.1.1/configure --with-tcl=../.. --with-tclinclude=/data/data/com.termux/files/home/.termux-build/tcl/src/generic --disable-dependency-tracking --prefix=/data/data/com.termux/files/usr --libdir=/data/data/com.termux/files/usr/lib --disable-rpath-hack --host=aarch64-linux-android ac_cv_func_memcmp_working=yes ac_cv_func_memcmp=yes ac_cv_func_strtod=yes ac_cv_func_strtoul=yes tcl_cv_strstr_unbroken=ok tcl_cv_strtod_buggy=ok tcl_cv_strtod_unbroken=ok tcl_cv_strtoul_unbroken=ok --disable-rpath --enable-man-symlinks --mandir=/data/data/com.termux/files/usr/share/man --disable-nls --enable-shared --enable-static --libexecdir=/data/data/com.termux/files/usr/libexec CC=aarch64-linux-android-clang CFLAGS= -fstack-protector-strong -Oz -DBIONIC_IOCTL_NO_SIGNEDNESS_OVERLOAD CPPFLAGS=-I/data/data/com.termux/files/usr/include CPP=aarch64-linux-android-cpp LDFLAGS=-L/data/data/com.termux/files/usr/lib -Wl,--enable-new-dtags -Wl,--as-needed -Wl,-z,relro,-z,now host_alias=aarch64-linux-android --libdir=/data/data/com.termux/files/usr/lib --enable-shared --enable-threads

## --------- ##
## Platform. ##
## --------- ##

hostname = localhost
uname -m = aarch64
uname -r = 3.18.31-perf-g502f558-01155-g2e5b524-dirty
uname -s = Linux
uname -v = #1 SMP PREEMPT Wed Jun 26 10:39:13 HKT 2019

/usr/bin/uname -p = unknown
/bin/uname -X     = unknown

/bin/arch              = unknown
/usr/bin/arch -k       = unknown
/usr/convex/getsysinfo = unknown
/usr/bin/hostinfo      = unknown
/bin/machine           = unknown
/usr/bin/oslevel       = unknown
/bin/universe          = unknown

PATH: /data/data/com.termux/files/usr/bin
PATH: /data/data/com.termux/files/usr/bin/applets


## ----------- ##
## Core tests. ##
## ----------- ##

configure:2429: checking TEA configuration
configure:2435: result: ok (TEA 3.13)
configure:2516: configuring tdbcmysql 1.1.1
configure:2546: checking system version
configure:2572: result: Linux-3.18.31-perf-g502f558-01155-g2e5b524-dirty
configure:2641: checking for Tcl configuration
configure:2773: result: found /data/data/com.termux/files/home/.termux-build/tcl/build/tclConfig.sh
configure:2786: checking for aarch64-linux-android-gcc
configure:2813: result: aarch64-linux-android-clang
configure:3082: checking for C compiler version
configure:3091: aarch64-linux-android-clang --version >&5
clang version 10.0.1 
Target: aarch64-unknown-linux-android
Thread model: posix
InstalledDir: /data/data/com.termux/files/usr/bin
configure:3102: $? = 0
configure:3091: aarch64-linux-android-clang -v >&5
clang version 10.0.1 
Target: aarch64-unknown-linux-android
Thread model: posix
InstalledDir: /data/data/com.termux/files/usr/bin
configure:3102: $? = 0
configure:3091: aarch64-linux-android-clang -V >&5
clang-10: error: argument to '-V' is missing (expected 1 value)
clang-10: error: no input files
configure:3102: $? = 1
configure:3091: aarch64-linux-android-clang -qversion >&5
clang-10: error: unknown argument '-qversion'; did you mean '--version'?
clang-10: error: no input files
configure:3102: $? = 1
configure:3122: checking whether the C compiler works
configure:3144: aarch64-linux-android-clang  -fstack-protector-strong -Oz -DBIONIC_IOCTL_NO_SIGNEDNESS_OVERLOAD -I/data/data/com.termux/files/usr/include -L/data/data/com.termux/files/usr/lib -Wl,--enable-new-dtags -Wl,--as-needed -Wl,-z,relro,-z,now conftest.c  >&5
configure:3148: $? = 0
configure:3196: result: yes
configure:3199: checking for C compiler default output file name
configure:3201: result: a.out
configure:3207: checking for suffix of executables
configure:3214: aarch64-linux-android-clang -o conftest  -fstack-protector-strong -Oz -DBIONIC_IOCTL_NO_SIGNEDNESS_OVERLOAD -I/data/data/com.termux/files/usr/include -L/data/data/com.termux/files/usr/lib -Wl,--enable-new-dtags -Wl,--as-needed -Wl,-z,relro,-z,now conftest.c  >&5
configure:3218: $? = 0
configure:3240: result: 
configure:3262: checking whether we are cross compiling
configure:3270: aarch64-linux-android-clang -o conftest  -fstack-protector-strong -Oz -DBIONIC_IOCTL_NO_SIGNEDNESS_OVERLOAD -I/data/data/com.termux/files/usr/include -L/data/data/com.termux/files/usr/lib -Wl,--enable-new-dtags -Wl,--as-needed -Wl,-z,relro,-z,now conftest.c  >&5
configure:3274: $? = 0
configure:3281: ./conftest
WARNING: linker: /data/data/com.termux/files/home/.termux-build/tcl/build/pkgs/tdbcmysql1.1.1/conftest: unsupported flags DT_FLAGS_1=0x8000001
configure:3285: $? = 0
configure:3300: result: no
configure:3305: checking for suffix of object files
configure:3327: aarch64-linux-android-clang -c  -fstack-protector-strong -Oz -DBIONIC_IOCTL_NO_SIGNEDNESS_OVERLOAD -I/data/data/com.termux/files/usr/include conftest.c >&5
configure:3331: $? = 0
configure:3352: result: o
configure:3356: checking whether we are using the GNU C compiler
configure:3375: aarch64-linux-android-clang -c  -fstack-protector-strong -Oz -DBIONIC_IOCTL_NO_SIGNEDNESS_OVERLOAD -I/data/data/com.termux/files/usr/include conftest.c >&5
configure:3375: $? = 0
configure:3384: result: yes
configure:3393: checking whether aarch64-linux-android-clang accepts -g
configure:3413: aarch64-linux-android-clang -c -g -I/data/data/com.termux/files/usr/include conftest.c >&5
configure:3413: $? = 0
configure:3454: result: yes
configure:3471: checking for aarch64-linux-android-clang option to accept ISO C89
configure:3534: aarch64-linux-android-clang  -c  -fstack-protector-strong -Oz -DBIONIC_IOCTL_NO_SIGNEDNESS_OVERLOAD -I/data/data/com.termux/files/usr/include conftest.c >&5
configure:3534: $? = 0
configure:3547: result: none needed
configure:3569: checking for existence of /data/data/com.termux/files/home/.termux-build/tcl/build/tclConfig.sh
configure:3573: result: loading
configure:3637: checking platform
configure:3655: aarch64-linux-android-clang -c  -fstack-protector-strong -Oz -DBIONIC_IOCTL_NO_SIGNEDNESS_OVERLOAD -I/data/data/com.termux/files/usr/include conftest.c >&5
configure:3655: $? = 0
configure:3706: result: unix
configure:3772: checking for tdbc configuration
configure:3860: result: found /data/data/com.termux/files/home/.termux-build/tcl/build/pkgs/tdbc1.1.1/tdbcConfig.sh
configure:3866: checking for existence of /data/data/com.termux/files/home/.termux-build/tcl/build/pkgs/tdbc1.1.1/tdbcConfig.sh
configure:3870: result: loading
configure:3888: WARNING: Found Makefile - using build library specs for tdbc
configure:3959: checking For tdbc_STUB library for LIBS
configure:3992: result: using tdbc_STUB_LIB_SPEC -L/data/data/com.termux/files/home/.termux-build/tcl/build/pkgs/tdbc1.1.1 -ltdbcstub1.1.1
configure:4005: WARNING: Looking for "/data/data/com.termux/files/home/.termux-build/tcl/build/pkgs/tdbc1.1.1/Makefile"
configure:4008: WARNING: Found Makefile - using build include spec and lib specs for tdbc
configure:4040: --exec-prefix defaulting to TCL_EXEC_PREFIX /data/data/com.termux/files/usr
configure:4070: checking for aarch64-linux-android-gcc
configure:4097: result: aarch64-linux-android-clang
configure:4366: checking for C compiler version
configure:4375: aarch64-linux-android-clang --version >&5
clang version 10.0.1 
Target: aarch64-unknown-linux-android
Thread model: posix
InstalledDir: /data/data/com.termux/files/usr/bin
configure:4386: $? = 0
configure:4375: aarch64-linux-android-clang -v >&5
clang version 10.0.1 
Target: aarch64-unknown-linux-android
Thread model: posix
InstalledDir: /data/data/com.termux/files/usr/bin
configure:4386: $? = 0
configure:4375: aarch64-linux-android-clang -V >&5
clang-10: error: argument to '-V' is missing (expected 1 value)
clang-10: error: no input files
configure:4386: $? = 1
configure:4375: aarch64-linux-android-clang -qversion >&5
clang-10: error: unknown argument '-qversion'; did you mean '--version'?
clang-10: error: no input files
configure:4386: $? = 1
configure:4390: checking whether we are using the GNU C compiler
configure:4418: result: yes
configure:4427: checking whether aarch64-linux-android-clang accepts -g
configure:4488: result: yes
configure:4505: checking for aarch64-linux-android-clang option to accept ISO C89
configure:4581: result: none needed
configure:4606: checking how to run the C preprocessor
configure:4676: result: aarch64-linux-android-cpp
configure:4696: aarch64-linux-android-cpp -I/data/data/com.termux/files/usr/include conftest.c
configure:4696: $? = 0
configure:4710: aarch64-linux-android-cpp -I/data/data/com.termux/files/usr/include conftest.c
conftest.c:10:10: fatal error: 'ac_nonexistent.h' file not found
#include <ac_nonexistent.h>
         ^~~~~~~~~~~~~~~~~~
1 error generated.
configure:4710: $? = 1
configure: failed program was:
| /* confdefs.h */
| #define PACKAGE_NAME "tdbcmysql"
| #define PACKAGE_TARNAME "tdbcmysql"
| #define PACKAGE_VERSION "1.1.1"
| #define PACKAGE_STRING "tdbcmysql 1.1.1"
| #define PACKAGE_BUGREPORT ""
| #define PACKAGE_URL ""
| #define BUILD_tdbcmysql /**/
| /* end confdefs.h.  */
| #include <ac_nonexistent.h>
configure:4743: checking whether make sets $(MAKE)
configure:4765: result: yes
configure:4782: checking for aarch64-linux-android-ranlib
configure:4809: result: aarch64-linux-android-ranlib
configure:4880: checking for grep that handles long lines and -e
configure:4938: result: /data/data/com.termux/files/usr/bin/grep
configure:4943: checking for egrep
configure:5005: result: /data/data/com.termux/files/usr/bin/grep -E
configure:5010: checking for ANSI C header files
configure:5030: aarch64-linux-android-clang -c  -fstack-protector-strong -Oz -DBIONIC_IOCTL_NO_SIGNEDNESS_OVERLOAD -I/data/data/com.termux/files/usr/include conftest.c >&5
configure:5030: $? = 0
configure:5103: aarch64-linux-android-clang -o conftest  -fstack-protector-strong -Oz -DBIONIC_IOCTL_NO_SIGNEDNESS_OVERLOAD -I/data/data/com.termux/files/usr/include -L/data/data/com.termux/files/usr/lib -Wl,--enable-new-dtags -Wl,--as-needed -Wl,-z,relro,-z,now conftest.c  >&5
configure:5103: $? = 0
configure:5103: ./conftest
WARNING: linker: /data/data/com.termux/files/home/.termux-build/tcl/build/pkgs/tdbcmysql1.1.1/conftest: unsupported flags DT_FLAGS_1=0x8000001
configure:5103: $? = 0
configure:5114: result: yes
configure:5127: checking for sys/types.h
configure:5127: aarch64-linux-android-clang -c  -fstack-protector-strong -Oz -DBIONIC_IOCTL_NO_SIGNEDNESS_OVERLOAD -I/data/data/com.termux/files/usr/include conftest.c >&5
configure:5127: $? = 0
configure:5127: result: yes
configure:5127: checking for sys/stat.h
configure:5127: aarch64-linux-android-clang -c  -fstack-protector-strong -Oz -DBIONIC_IOCTL_NO_SIGNEDNESS_OVERLOAD -I/data/data/com.termux/files/usr/include conftest.c >&5
configure:5127: $? = 0
configure:5127: result: yes
configure:5127: checking for stdlib.h
configure:5127: aarch64-linux-android-clang -c  -fstack-protector-strong -Oz -DBIONIC_IOCTL_NO_SIGNEDNESS_OVERLOAD -I/data/data/com.termux/files/usr/include conftest.c >&5
configure:5127: $? = 0
configure:5127: result: yes
configure:5127: checking for string.h
configure:5127: aarch64-linux-android-clang -c  -fstack-protector-strong -Oz -DBIONIC_IOCTL_NO_SIGNEDNESS_OVERLOAD -I/data/data/com.termux/files/usr/include conftest.c >&5
configure:5127: $? = 0
configure:5127: result: yes
configure:5127: checking for memory.h
configure:5127: aarch64-linux-android-clang -c  -fstack-protector-strong -Oz -DBIONIC_IOCTL_NO_SIGNEDNESS_OVERLOAD -I/data/data/com.termux/files/usr/include conftest.c >&5
configure:5127: $? = 0
configure:5127: result: yes
configure:5127: checking for strings.h
configure:5127: aarch64-linux-android-clang -c  -fstack-protector-strong -Oz -DBIONIC_IOCTL_NO_SIGNEDNESS_OVERLOAD -I/data/data/com.termux/files/usr/include conftest.c >&5
configure:5127: $? = 0
configure:5127: result: yes
configure:5127: checking for inttypes.h
configure:5127: aarch64-linux-android-clang -c  -fstack-protector-strong -Oz -DBIONIC_IOCTL_NO_SIGNEDNESS_OVERLOAD -I/data/data/com.termux/files/usr/include conftest.c >&5
configure:5127: $? = 0
configure:5127: result: yes
configure:5127: checking for stdint.h
configure:5127: aarch64-linux-android-clang -c  -fstack-protector-strong -Oz -DBIONIC_IOCTL_NO_SIGNEDNESS_OVERLOAD -I/data/data/com.termux/files/usr/include conftest.c >&5
configure:5127: $? = 0
configure:5127: result: yes
configure:5127: checking for unistd.h
configure:5127: aarch64-linux-android-clang -c  -fstack-protector-strong -Oz -DBIONIC_IOCTL_NO_SIGNEDNESS_OVERLOAD -I/data/data/com.termux/files/usr/include conftest.c >&5
configure:5127: $? = 0
configure:5127: result: yes
configure:5149: checking if the compiler understands -pipe
configure:5167: aarch64-linux-android-clang -c  -fstack-protector-strong -Oz -DBIONIC_IOCTL_NO_SIGNEDNESS_OVERLOAD -pipe -I/data/data/com.termux/files/usr/include conftest.c >&5
configure:5167: $? = 0
configure:5175: result: yes
configure:5186: checking whether byte ordering is bigendian
configure:5392: result: no
configure:5416: checking for inline
configure:5432: aarch64-linux-android-clang -c  -fstack-protector-strong -Oz -DBIONIC_IOCTL_NO_SIGNEDNESS_OVERLOAD -pipe -I/data/data/com.termux/files/usr/include conftest.c >&5
configure:5432: $? = 0
configure:5440: result: inline
configure:5458: checking for long long
configure:5458: aarch64-linux-android-clang -c  -fstack-protector-strong -Oz -DBIONIC_IOCTL_NO_SIGNEDNESS_OVERLOAD -pipe -I/data/data/com.termux/files/usr/include conftest.c >&5
configure:5458: $? = 0
configure:5458: aarch64-linux-android-clang -c  -fstack-protector-strong -Oz -DBIONIC_IOCTL_NO_SIGNEDNESS_OVERLOAD -pipe -I/data/data/com.termux/files/usr/include conftest.c >&5
conftest.c:56:24: error: expected expression
if (sizeof ((long long)))
                       ^
1 error generated.
configure:5458: $? = 1
configure: failed program was:
| /* confdefs.h */
| #define PACKAGE_NAME "tdbcmysql"
| #define PACKAGE_TARNAME "tdbcmysql"
| #define PACKAGE_VERSION "1.1.1"
| #define PACKAGE_STRING "tdbcmysql 1.1.1"
| #define PACKAGE_BUGREPORT ""
| #define PACKAGE_URL ""
| #define BUILD_tdbcmysql /**/
| #define STDC_HEADERS 1
| #define HAVE_SYS_TYPES_H 1
| #define HAVE_SYS_STAT_H 1
| #define HAVE_STDLIB_H 1
| #define HAVE_STRING_H 1
| #define HAVE_MEMORY_H 1
| #define HAVE_STRINGS_H 1
| #define HAVE_INTTYPES_H 1
| #define HAVE_STDINT_H 1
| #define HAVE_UNISTD_H 1
| /* end confdefs.h.  */
| #include <stdio.h>
| #ifdef HAVE_SYS_TYPES_H
| # include <sys/types.h>
| #endif
| #ifdef HAVE_SYS_STAT_H
| # include <sys/stat.h>
| #endif
| #ifdef STDC_HEADERS
| # include <stdlib.h>
| # include <stddef.h>
| #else
| # ifdef HAVE_STDLIB_H
| #  include <stdlib.h>
| # endif
| #endif
| #ifdef HAVE_STRING_H
| # if !defined STDC_HEADERS && defined HAVE_MEMORY_H
| #  include <memory.h>
| # endif
| # include <string.h>
| #endif
| #ifdef HAVE_STRINGS_H
| # include <strings.h>
| #endif
| #ifdef HAVE_INTTYPES_H
| # include <inttypes.h>
| #endif
| #ifdef HAVE_STDINT_H
| # include <stdint.h>
| #endif
| #ifdef HAVE_UNISTD_H
| # include <unistd.h>
| #endif
| int
| main ()
| {
| if (sizeof ((long long)))
| 	    return 0;
|   ;
|   return 0;
| }
configure:5458: result: yes
configure:5467: checking size of long long
configure:5472: aarch64-linux-android-clang -o conftest  -fstack-protector-strong -Oz -DBIONIC_IOCTL_NO_SIGNEDNESS_OVERLOAD -pipe -I/data/data/com.termux/files/usr/include -L/data/data/com.termux/files/usr/lib -Wl,--enable-new-dtags -Wl,--as-needed -Wl,-z,relro,-z,now conftest.c  >&5
configure:5472: $? = 0
configure:5472: ./conftest
WARNING: linker: /data/data/com.termux/files/home/.termux-build/tcl/build/pkgs/tdbcmysql1.1.1/conftest: unsupported flags DT_FLAGS_1=0x8000001
configure:5472: $? = 0
configure:5486: result: 8
configure:5503: checking size of long
configure:5508: aarch64-linux-android-clang -o conftest  -fstack-protector-strong -Oz -DBIONIC_IOCTL_NO_SIGNEDNESS_OVERLOAD -pipe -I/data/data/com.termux/files/usr/include -L/data/data/com.termux/files/usr/lib -Wl,--enable-new-dtags -Wl,--as-needed -Wl,-z,relro,-z,now conftest.c  >&5
configure:5508: $? = 0
configure:5508: ./conftest
WARNING: linker: /data/data/com.termux/files/home/.termux-build/tcl/build/pkgs/tdbcmysql1.1.1/conftest: unsupported flags DT_FLAGS_1=0x8000001
configure:5508: $? = 0
configure:5522: result: 8
configure:5722: checking for Tcl public headers
configure:5793: result: /data/data/com.termux/files/home/.termux-build/tcl/src/generic
configure:5854: checking for pthread_mutex_init in -lpthread
configure:5879: aarch64-linux-android-clang -o conftest  -fstack-protector-strong -Oz -DBIONIC_IOCTL_NO_SIGNEDNESS_OVERLOAD -pipe -I/data/data/com.termux/files/usr/include -L/data/data/com.termux/files/usr/lib -Wl,--enable-new-dtags -Wl,--as-needed -Wl,-z,relro,-z,now conftest.c -lpthread   >&5
configure:5879: $? = 0
configure:5888: result: yes
configure:6097: checking for building with threads
configure:6103: result: yes (default)
configure:6132: checking how to build libraries
configure:6166: result: shared
configure:6210: checking for aarch64-linux-android-ranlib
configure:6237: result: aarch64-linux-android-ranlib
configure:6304: checking if 64bit support is requested
configure:6313: result: no
configure:6318: checking if 64bit Sparc VIS support is requested
configure:6327: result: no
configure:6337: checking if compiler supports visibility "hidden"
configure:6357: aarch64-linux-android-clang -o conftest  -fstack-protector-strong -Oz -DBIONIC_IOCTL_NO_SIGNEDNESS_OVERLOAD -pipe -Werror -I/data/data/com.termux/files/usr/include -L/data/data/com.termux/files/usr/lib -Wl,--enable-new-dtags -Wl,--as-needed -Wl,-z,relro,-z,now conftest.c  >&5
configure:6357: $? = 0
configure:6366: result: yes
configure:6381: checking if rpath support is requested
configure:6390: result: no
configure:6397: checking system version
configure:6423: result: Linux-3.18.31-perf-g502f558-01155-g2e5b524-dirty
configure:6463: checking for aarch64-linux-android-ar
configure:6490: result: aarch64-linux-android-ar
configure:8198: checking for cast to union support
configure:8217: aarch64-linux-android-clang -c  -fstack-protector-strong -Oz -DBIONIC_IOCTL_NO_SIGNEDNESS_OVERLOAD -pipe -I/data/data/com.termux/files/usr/include conftest.c >&5
configure:8217: $? = 0
configure:8225: result: yes
configure:8233: checking stdbool.h usability
configure:8233: aarch64-linux-android-clang -c  -fstack-protector-strong -Oz -DBIONIC_IOCTL_NO_SIGNEDNESS_OVERLOAD -pipe -I/data/data/com.termux/files/usr/include conftest.c >&5
configure:8233: $? = 0
configure:8233: result: yes
configure:8233: checking stdbool.h presence
configure:8233: aarch64-linux-android-cpp -I/data/data/com.termux/files/usr/include conftest.c
configure:8233: $? = 0
configure:8233: result: yes
configure:8233: checking for stdbool.h
configure:8233: result: yes
configure:8257: checking for required early compiler flags
configure:8275: aarch64-linux-android-clang -c  -fstack-protector-strong -Oz -DBIONIC_IOCTL_NO_SIGNEDNESS_OVERLOAD -pipe -I/data/data/com.termux/files/usr/include conftest.c >&5
configure:8275: $? = 0
configure:8322: aarch64-linux-android-clang -c  -fstack-protector-strong -Oz -DBIONIC_IOCTL_NO_SIGNEDNESS_OVERLOAD -pipe -I/data/data/com.termux/files/usr/include conftest.c >&5
configure:8322: $? = 0
configure:8369: aarch64-linux-android-clang -c  -fstack-protector-strong -Oz -DBIONIC_IOCTL_NO_SIGNEDNESS_OVERLOAD -pipe -I/data/data/com.termux/files/usr/include conftest.c >&5
conftest.c:37:19: error: use of undeclared identifier 'open64'
char *p = (char *)open64;
                  ^
1 error generated.
configure:8369: $? = 1
configure: failed program was:
| /* confdefs.h */
| #define PACKAGE_NAME "tdbcmysql"
| #define PACKAGE_TARNAME "tdbcmysql"
| #define PACKAGE_VERSION "1.1.1"
| #define PACKAGE_STRING "tdbcmysql 1.1.1"
| #define PACKAGE_BUGREPORT ""
| #define PACKAGE_URL ""
| #define BUILD_tdbcmysql /**/
| #define STDC_HEADERS 1
| #define HAVE_SYS_TYPES_H 1
| #define HAVE_SYS_STAT_H 1
| #define HAVE_STDLIB_H 1
| #define HAVE_STRING_H 1
| #define HAVE_MEMORY_H 1
| #define HAVE_STRINGS_H 1
| #define HAVE_INTTYPES_H 1
| #define HAVE_STDINT_H 1
| #define HAVE_UNISTD_H 1
| #define HAVE_LONG_LONG 1
| #define SIZEOF_LONG_LONG 8
| #define SIZEOF_LONG 8
| #define USE_THREAD_ALLOC 1
| #define _REENTRANT 1
| #define _THREAD_SAFE 1
| #define TCL_THREADS 1
| #define USE_TCL_STUBS 1
| #define USE_TCLOO_STUBS 1
| #define MODULE_SCOPE extern __attribute__((__visibility__("hidden")))
| #define HAVE_HIDDEN 1
| #define HAVE_CAST_TO_UNION 1
| #define HAVE_STDBOOL_H 1
| /* end confdefs.h.  */
| #include <sys/stat.h>
| int
| main ()
| {
| char *p = (char *)open64;
|   ;
|   return 0;
| }
configure:8384: aarch64-linux-android-clang -c  -fstack-protector-strong -Oz -DBIONIC_IOCTL_NO_SIGNEDNESS_OVERLOAD -pipe -I/data/data/com.termux/files/usr/include conftest.c >&5
conftest.c:38:19: error: use of undeclared identifier 'open64'
char *p = (char *)open64;
                  ^
1 error generated.
configure:8384: $? = 1
configure: failed program was:
| /* confdefs.h */
| #define PACKAGE_NAME "tdbcmysql"
| #define PACKAGE_TARNAME "tdbcmysql"
| #define PACKAGE_VERSION "1.1.1"
| #define PACKAGE_STRING "tdbcmysql 1.1.1"
| #define PACKAGE_BUGREPORT ""
| #define PACKAGE_URL ""
| #define BUILD_tdbcmysql /**/
| #define STDC_HEADERS 1
| #define HAVE_SYS_TYPES_H 1
| #define HAVE_SYS_STAT_H 1
| #define HAVE_STDLIB_H 1
| #define HAVE_STRING_H 1
| #define HAVE_MEMORY_H 1
| #define HAVE_STRINGS_H 1
| #define HAVE_INTTYPES_H 1
| #define HAVE_STDINT_H 1
| #define HAVE_UNISTD_H 1
| #define HAVE_LONG_LONG 1
| #define SIZEOF_LONG_LONG 8
| #define SIZEOF_LONG 8
| #define USE_THREAD_ALLOC 1
| #define _REENTRANT 1
| #define _THREAD_SAFE 1
| #define TCL_THREADS 1
| #define USE_TCL_STUBS 1
| #define USE_TCLOO_STUBS 1
| #define MODULE_SCOPE extern __attribute__((__visibility__("hidden")))
| #define HAVE_HIDDEN 1
| #define HAVE_CAST_TO_UNION 1
| #define HAVE_STDBOOL_H 1
| /* end confdefs.h.  */
| #define _LARGEFILE_SOURCE64 1
| #include <sys/stat.h>
| int
| main ()
| {
| char *p = (char *)open64;
|   ;
|   return 0;
| }
configure:8402: result: none
configure:8410: checking for 64-bit integer type
configure:8429: aarch64-linux-android-clang -c  -fstack-protector-strong -Oz -DBIONIC_IOCTL_NO_SIGNEDNESS_OVERLOAD -pipe -I/data/data/com.termux/files/usr/include conftest.c >&5
conftest.c:37:1: error: use of undeclared identifier '__int64'
__int64 value = (__int64) 0;
^
1 error generated.
configure:8429: $? = 1
configure: failed program was:
| /* confdefs.h */
| #define PACKAGE_NAME "tdbcmysql"
| #define PACKAGE_TARNAME "tdbcmysql"
| #define PACKAGE_VERSION "1.1.1"
| #define PACKAGE_STRING "tdbcmysql 1.1.1"
| #define PACKAGE_BUGREPORT ""
| #define PACKAGE_URL ""
| #define BUILD_tdbcmysql /**/
| #define STDC_HEADERS 1
| #define HAVE_SYS_TYPES_H 1
| #define HAVE_SYS_STAT_H 1
| #define HAVE_STDLIB_H 1
| #define HAVE_STRING_H 1
| #define HAVE_MEMORY_H 1
| #define HAVE_STRINGS_H 1
| #define HAVE_INTTYPES_H 1
| #define HAVE_STDINT_H 1
| #define HAVE_UNISTD_H 1
| #define HAVE_LONG_LONG 1
| #define SIZEOF_LONG_LONG 8
| #define SIZEOF_LONG 8
| #define USE_THREAD_ALLOC 1
| #define _REENTRANT 1
| #define _THREAD_SAFE 1
| #define TCL_THREADS 1
| #define USE_TCL_STUBS 1
| #define USE_TCLOO_STUBS 1
| #define MODULE_SCOPE extern __attribute__((__visibility__("hidden")))
| #define HAVE_HIDDEN 1
| #define HAVE_CAST_TO_UNION 1
| #define HAVE_STDBOOL_H 1
| /* end confdefs.h.  */
| 
| int
| main ()
| {
| __int64 value = (__int64) 0;
|   ;
|   return 0;
| }
configure:8451: aarch64-linux-android-clang -c  -fstack-protector-strong -Oz -DBIONIC_IOCTL_NO_SIGNEDNESS_OVERLOAD -pipe -I/data/data/com.termux/files/usr/include conftest.c >&5
conftest.c:38:26: error: duplicate case value '1'
            case 1: case (sizeof(long long)==sizeof(long)): ;
                         ^
conftest.c:38:18: note: previous case defined here
            case 1: case (sizeof(long long)==sizeof(long)): ;
                 ^
1 error generated.
configure:8451: $? = 1
configure: failed program was:
| /* confdefs.h */
| #define PACKAGE_NAME "tdbcmysql"
| #define PACKAGE_TARNAME "tdbcmysql"
| #define PACKAGE_VERSION "1.1.1"
| #define PACKAGE_STRING "tdbcmysql 1.1.1"
| #define PACKAGE_BUGREPORT ""
| #define PACKAGE_URL ""
| #define BUILD_tdbcmysql /**/
| #define STDC_HEADERS 1
| #define HAVE_SYS_TYPES_H 1
| #define HAVE_SYS_STAT_H 1
| #define HAVE_STDLIB_H 1
| #define HAVE_STRING_H 1
| #define HAVE_MEMORY_H 1
| #define HAVE_STRINGS_H 1
| #define HAVE_INTTYPES_H 1
| #define HAVE_STDINT_H 1
| #define HAVE_UNISTD_H 1
| #define HAVE_LONG_LONG 1
| #define SIZEOF_LONG_LONG 8
| #define SIZEOF_LONG 8
| #define USE_THREAD_ALLOC 1
| #define _REENTRANT 1
| #define _THREAD_SAFE 1
| #define TCL_THREADS 1
| #define USE_TCL_STUBS 1
| #define USE_TCLOO_STUBS 1
| #define MODULE_SCOPE extern __attribute__((__visibility__("hidden")))
| #define HAVE_HIDDEN 1
| #define HAVE_CAST_TO_UNION 1
| #define HAVE_STDBOOL_H 1
| /* end confdefs.h.  */
| 
| int
| main ()
| {
| switch (0) {
|             case 1: case (sizeof(long long)==sizeof(long)): ;
|         }
|   ;
|   return 0;
| }
configure:8461: result: yes
configure:8639: checking for build with symbols
configure:8652: result: no
configure:8692: checking for intptr_t
configure:8692: aarch64-linux-android-clang -c  -fstack-protector-strong -Oz -DBIONIC_IOCTL_NO_SIGNEDNESS_OVERLOAD -pipe -I/data/data/com.termux/files/usr/include conftest.c >&5
configure:8692: $? = 0
configure:8692: aarch64-linux-android-clang -c  -fstack-protector-strong -Oz -DBIONIC_IOCTL_NO_SIGNEDNESS_OVERLOAD -pipe -I/data/data/com.termux/files/usr/include conftest.c >&5
conftest.c:70:23: error: expected expression
if (sizeof ((intptr_t)))
                      ^
1 error generated.
configure:8692: $? = 1
configure: failed program was:
| /* confdefs.h */
| #define PACKAGE_NAME "tdbcmysql"
| #define PACKAGE_TARNAME "tdbcmysql"
| #define PACKAGE_VERSION "1.1.1"
| #define PACKAGE_STRING "tdbcmysql 1.1.1"
| #define PACKAGE_BUGREPORT ""
| #define PACKAGE_URL ""
| #define BUILD_tdbcmysql /**/
| #define STDC_HEADERS 1
| #define HAVE_SYS_TYPES_H 1
| #define HAVE_SYS_STAT_H 1
| #define HAVE_STDLIB_H 1
| #define HAVE_STRING_H 1
| #define HAVE_MEMORY_H 1
| #define HAVE_STRINGS_H 1
| #define HAVE_INTTYPES_H 1
| #define HAVE_STDINT_H 1
| #define HAVE_UNISTD_H 1
| #define HAVE_LONG_LONG 1
| #define SIZEOF_LONG_LONG 8
| #define SIZEOF_LONG 8
| #define USE_THREAD_ALLOC 1
| #define _REENTRANT 1
| #define _THREAD_SAFE 1
| #define TCL_THREADS 1
| #define USE_TCL_STUBS 1
| #define USE_TCLOO_STUBS 1
| #define MODULE_SCOPE extern __attribute__((__visibility__("hidden")))
| #define HAVE_HIDDEN 1
| #define HAVE_CAST_TO_UNION 1
| #define HAVE_STDBOOL_H 1
| #define TCL_WIDE_INT_IS_LONG 1
| /* end confdefs.h.  */
| #include <stdio.h>
| #ifdef HAVE_SYS_TYPES_H
| # include <sys/types.h>
| #endif
| #ifdef HAVE_SYS_STAT_H
| # include <sys/stat.h>
| #endif
| #ifdef STDC_HEADERS
| # include <stdlib.h>
| # include <stddef.h>
| #else
| # ifdef HAVE_STDLIB_H
| #  include <stdlib.h>
| # endif
| #endif
| #ifdef HAVE_STRING_H
| # if !defined STDC_HEADERS && defined HAVE_MEMORY_H
| #  include <memory.h>
| # endif
| # include <string.h>
| #endif
| #ifdef HAVE_STRINGS_H
| # include <strings.h>
| #endif
| #ifdef HAVE_INTTYPES_H
| # include <inttypes.h>
| #endif
| #ifdef HAVE_STDINT_H
| # include <stdint.h>
| #endif
| #ifdef HAVE_UNISTD_H
| # include <unistd.h>
| #endif
| int
| main ()
| {
| if (sizeof ((intptr_t)))
| 	    return 0;
|   ;
|   return 0;
| }
configure:8692: result: yes
configure:8728: checking for uintptr_t
configure:8728: aarch64-linux-android-clang -c  -fstack-protector-strong -Oz -DBIONIC_IOCTL_NO_SIGNEDNESS_OVERLOAD -pipe -I/data/data/com.termux/files/usr/include conftest.c >&5
configure:8728: $? = 0
configure:8728: aarch64-linux-android-clang -c  -fstack-protector-strong -Oz -DBIONIC_IOCTL_NO_SIGNEDNESS_OVERLOAD -pipe -I/data/data/com.termux/files/usr/include conftest.c >&5
conftest.c:71:24: error: expected expression
if (sizeof ((uintptr_t)))
                       ^
1 error generated.
configure:8728: $? = 1
configure: failed program was:
| /* confdefs.h */
| #define PACKAGE_NAME "tdbcmysql"
| #define PACKAGE_TARNAME "tdbcmysql"
| #define PACKAGE_VERSION "1.1.1"
| #define PACKAGE_STRING "tdbcmysql 1.1.1"
| #define PACKAGE_BUGREPORT ""
| #define PACKAGE_URL ""
| #define BUILD_tdbcmysql /**/
| #define STDC_HEADERS 1
| #define HAVE_SYS_TYPES_H 1
| #define HAVE_SYS_STAT_H 1
| #define HAVE_STDLIB_H 1
| #define HAVE_STRING_H 1
| #define HAVE_MEMORY_H 1
| #define HAVE_STRINGS_H 1
| #define HAVE_INTTYPES_H 1
| #define HAVE_STDINT_H 1
| #define HAVE_UNISTD_H 1
| #define HAVE_LONG_LONG 1
| #define SIZEOF_LONG_LONG 8
| #define SIZEOF_LONG 8
| #define USE_THREAD_ALLOC 1
| #define _REENTRANT 1
| #define _THREAD_SAFE 1
| #define TCL_THREADS 1
| #define USE_TCL_STUBS 1
| #define USE_TCLOO_STUBS 1
| #define MODULE_SCOPE extern __attribute__((__visibility__("hidden")))
| #define HAVE_HIDDEN 1
| #define HAVE_CAST_TO_UNION 1
| #define HAVE_STDBOOL_H 1
| #define TCL_WIDE_INT_IS_LONG 1
| #define HAVE_INTPTR_T 1
| /* end confdefs.h.  */
| #include <stdio.h>
| #ifdef HAVE_SYS_TYPES_H
| # include <sys/types.h>
| #endif
| #ifdef HAVE_SYS_STAT_H
| # include <sys/stat.h>
| #endif
| #ifdef STDC_HEADERS
| # include <stdlib.h>
| # include <stddef.h>
| #else
| # ifdef HAVE_STDLIB_H
| #  include <stdlib.h>
| # endif
| #endif
| #ifdef HAVE_STRING_H
| # if !defined STDC_HEADERS && defined HAVE_MEMORY_H
| #  include <memory.h>
| # endif
| # include <string.h>
| #endif
| #ifdef HAVE_STRINGS_H
| # include <strings.h>
| #endif
| #ifdef HAVE_INTTYPES_H
| # include <inttypes.h>
| #endif
| #ifdef HAVE_STDINT_H
| # include <stdint.h>
| #endif
| #ifdef HAVE_UNISTD_H
| # include <unistd.h>
| #endif
| int
| main ()
| {
| if (sizeof ((uintptr_t)))
| 	    return 0;
|   ;
|   return 0;
| }
configure:8728: result: yes
configure:8883: checking for tclsh
configure:8918: result: /data/data/com.termux/files/home/.termux-build/tcl/build/tclsh
configure:9084: creating ./config.status

## ---------------------- ##
## Running config.status. ##
## ---------------------- ##

This file was extended by tdbcmysql config.status 1.1.1, which was
generated by GNU Autoconf 2.69.  Invocation command line was

  CONFIG_FILES    = 
  CONFIG_HEADERS  = 
  CONFIG_LINKS    = 
  CONFIG_COMMANDS = 
  $ ./config.status 

on localhost

config.status:813: creating Makefile
config.status:813: creating pkgIndex.tcl
configure:10086: WARNING: unrecognized options: --disable-dependency-tracking, --disable-rpath-hack, --enable-man-symlinks, --disable-nls, --enable-static

## ---------------- ##
## Cache variables. ##
## ---------------- ##

ac_cv_c_bigendian='no'
ac_cv_c_compiler_gnu='yes'
ac_cv_c_inline='inline'
ac_cv_c_tclconfig='/data/data/com.termux/files/home/.termux-build/tcl/build'
ac_cv_c_tclh='/data/data/com.termux/files/home/.termux-build/tcl/src/generic'
ac_cv_c_tdbcconfig='/data/data/com.termux/files/home/.termux-build/tcl/build/pkgs/tdbc1.1.1'
ac_cv_env_CC_set='set'
ac_cv_env_CC_value='aarch64-linux-android-clang'
ac_cv_env_CFLAGS_set='set'
ac_cv_env_CFLAGS_value=' -fstack-protector-strong -Oz -DBIONIC_IOCTL_NO_SIGNEDNESS_OVERLOAD'
ac_cv_env_CPPFLAGS_set='set'
ac_cv_env_CPPFLAGS_value='-I/data/data/com.termux/files/usr/include'
ac_cv_env_CPP_set='set'
ac_cv_env_CPP_value='aarch64-linux-android-cpp'
ac_cv_env_LDFLAGS_set='set'
ac_cv_env_LDFLAGS_value='-L/data/data/com.termux/files/usr/lib -Wl,--enable-new-dtags -Wl,--as-needed -Wl,-z,relro,-z,now'
ac_cv_env_LIBS_set=''
ac_cv_env_LIBS_value=''
ac_cv_env_build_alias_set=''
ac_cv_env_build_alias_value=''
ac_cv_env_host_alias_set='set'
ac_cv_env_host_alias_value='aarch64-linux-android'
ac_cv_env_target_alias_set=''
ac_cv_env_target_alias_value=''
ac_cv_func_getpwent='no'
ac_cv_func_getpwnam='no'
ac_cv_func_getpwuid='no'
ac_cv_func_memcmp='yes'
ac_cv_func_memcmp_working='yes'
ac_cv_func_sigsetmask='no'
ac_cv_func_strtod='yes'
ac_cv_func_strtoul='yes'
ac_cv_header_inttypes_h='yes'
ac_cv_header_memory_h='yes'
ac_cv_header_stdbool_h='yes'
ac_cv_header_stdc='yes'
ac_cv_header_stdint_h='yes'
ac_cv_header_stdlib_h='yes'
ac_cv_header_string_h='yes'
ac_cv_header_strings_h='yes'
ac_cv_header_sys_stat_h='yes'
ac_cv_header_sys_types_h='yes'
ac_cv_header_unistd_h='yes'
ac_cv_lib_pthread_pthread_mutex_init='yes'
ac_cv_objext='o'
ac_cv_path_EGREP='/data/data/com.termux/files/usr/bin/grep -E'
ac_cv_path_GREP='/data/data/com.termux/files/usr/bin/grep'
ac_cv_prog_AR='aarch64-linux-android-ar'
ac_cv_prog_CC='aarch64-linux-android-clang'
ac_cv_prog_CPP='aarch64-linux-android-cpp'
ac_cv_prog_RANLIB='aarch64-linux-android-ranlib'
ac_cv_prog_cc_c89=''
ac_cv_prog_cc_g='yes'
ac_cv_prog_make_make_set='yes'
ac_cv_sizeof_long='8'
ac_cv_sizeof_long_long='8'
ac_cv_type_intptr_t='yes'
ac_cv_type_long_long='yes'
ac_cv_type_uintptr_t='yes'
tcl_cv_cast_to_union='yes'
tcl_cv_cc_pipe='yes'
tcl_cv_cc_visibility_hidden='yes'
tcl_cv_flag__isoc99_source='no'
tcl_cv_flag__largefile64_source='no'
tcl_cv_flag__largefile_source64='no'
tcl_cv_strstr_unbroken='ok'
tcl_cv_strtod_buggy='ok'
tcl_cv_strtod_unbroken='ok'
tcl_cv_strtoul_unbroken='ok'
tcl_cv_sys_version='Linux-3.18.31-perf-g502f558-01155-g2e5b524-dirty'
tcl_cv_type_64bit='none'

## ----------------- ##
## Output variables. ##
## ----------------- ##

AR='aarch64-linux-android-ar'
CC='aarch64-linux-android-clang'
CFLAGS=' -fstack-protector-strong -Oz -DBIONIC_IOCTL_NO_SIGNEDNESS_OVERLOAD -pipe ${CFLAGS_DEFAULT} ${CFLAGS_WARNING} ${SHLIB_CFLAGS} -I/data/data/com.termux/files/usr/include'
CFLAGS_DEBUG='-g'
CFLAGS_DEFAULT='-O2 -fomit-frame-pointer -DNDEBUG'
CFLAGS_OPTIMIZE='-O2 -fomit-frame-pointer'
CFLAGS_WARNING='-Wall'
CLEANFILES=''
CPP='aarch64-linux-android-cpp'
CPPFLAGS=''
CYGPATH='echo'
DEFS='-DPACKAGE_NAME=\"tdbcmysql\" -DPACKAGE_TARNAME=\"tdbcmysql\" -DPACKAGE_VERSION=\"1.1.1\" -DPACKAGE_STRING=\"tdbcmysql\ 1.1.1\" -DPACKAGE_BUGREPORT=\"\" -DPACKAGE_URL=\"\" -DBUILD_tdbcmysql=/\*\*/ -DSTDC_HEADERS=1 -DHAVE_SYS_TYPES_H=1 -DHAVE_SYS_STAT_H=1 -DHAVE_STDLIB_H=1 -DHAVE_STRING_H=1 -DHAVE_MEMORY_H=1 -DHAVE_STRINGS_H=1 -DHAVE_INTTYPES_H=1 -DHAVE_STDINT_H=1 -DHAVE_UNISTD_H=1 -DHAVE_LONG_LONG=1 -DSIZEOF_LONG_LONG=8 -DSIZEOF_LONG=8 -DUSE_THREAD_ALLOC=1 -D_REENTRANT=1 -D_THREAD_SAFE=1 -DTCL_THREADS=1 -DUSE_TCL_STUBS=1 -DUSE_TCLOO_STUBS=1 -DMODULE_SCOPE=extern\ __attribute__\(\(__visibility__\(\"hidden\"\)\)\) -DHAVE_HIDDEN=1 -DHAVE_CAST_TO_UNION=1 -DHAVE_STDBOOL_H=1 -DTCL_WIDE_INT_IS_LONG=1 -DHAVE_INTPTR_T=1 -DHAVE_UINTPTR_T=1'
ECHO_C=''
ECHO_N='-n'
ECHO_T=''
EGREP='/data/data/com.termux/files/usr/bin/grep -E'
EXEEXT=''
GREP='/data/data/com.termux/files/usr/bin/grep'
INSTALL='$(SHELL) $(srcdir)/tclconfig/install-sh -c'
INSTALL_DATA='${INSTALL} -m 644'
INSTALL_DATA_DIR='${INSTALL} -d -m 755'
INSTALL_LIBRARY='${INSTALL} -m 644'
INSTALL_PROGRAM='${INSTALL} -m 755'
INSTALL_SCRIPT='${INSTALL} -m 755'
LDFLAGS='-L/data/data/com.termux/files/usr/lib -Wl,--enable-new-dtags -Wl,--as-needed -Wl,-z,relro,-z,now -Wl,--export-dynamic '
LDFLAGS_DEFAULT='-L/data/data/com.termux/files/usr/lib -Wl,--enable-new-dtags -Wl,--as-needed -Wl,-z,relro,-z,now -Wl,--export-dynamic '
LD_LIBRARY_PATH_VAR='LD_LIBRARY_PATH'
LIBOBJS=''
LIBS=''
LTLIBOBJS=''
MAKE_LIB='${SHLIB_LD} -o $@ $(PKG_OBJECTS) ${SHLIB_LD_LIBS} '
MAKE_SHARED_LIB='${SHLIB_LD} -o $@ $(PKG_OBJECTS) ${SHLIB_LD_LIBS}'
MAKE_STATIC_LIB='${STLIB_LD} $@ $(PKG_OBJECTS)'
MAKE_STUB_LIB='${STLIB_LD} $@ $(PKG_STUB_OBJECTS)'
OBJEXT='o'
PACKAGE_BUGREPORT=''
PACKAGE_NAME='tdbcmysql'
PACKAGE_STRING='tdbcmysql 1.1.1'
PACKAGE_TARNAME='tdbcmysql'
PACKAGE_URL=''
PACKAGE_VERSION='1.1.1'
PATH_SEPARATOR=':'
PKG_CFLAGS='  '
PKG_HEADERS=' generic/fakemysql.h generic/mysqlStubs.h'
PKG_INCLUDES=' -I/data/data/com.termux/files/home/.termux-build/tcl/src/pkgs/tdbc1.1.1/generic'
PKG_LIBS=' -L/data/data/com.termux/files/home/.termux-build/tcl/build/pkgs/tdbc1.1.1 -ltdbcstub1.1.1 -L/data/data/com.termux/files/home/.termux-build/tcl/build/pkgs/tdbc1.1.1 -ltdbcstub1.1.1'
PKG_LIB_FILE='libtdbcmysql1.1.1.so'
PKG_OBJECTS=' tdbcmysql.o mysqlStubInit.o'
PKG_SOURCES=' generic/tdbcmysql.c generic/mysqlStubInit.c'
PKG_STUB_LIB_FILE='libtdbcmysqlstub1.1.1.a'
PKG_STUB_OBJECTS=''
PKG_STUB_SOURCES=''
PKG_TCL_SOURCES=' library/tdbcmysql.tcl'
RANLIB=':'
RANLIB_STUB='aarch64-linux-android-ranlib'
RC=''
SET_MAKE=''
SHARED_BUILD='1'
SHELL='/bin/sh'
SHLIB_CFLAGS='-fPIC'
SHLIB_LD='${CC} ${CFLAGS} ${LDFLAGS_DEFAULT} -shared'
SHLIB_LD_LIBS='${LIBS} -L/data/data/com.termux/files/home/.termux-build/tcl/build -ltclstub8.6'
STLIB_LD='${AR} cr'
STUBS_BUILD='1'
TCLSH_PROG='/data/data/com.termux/files/home/.termux-build/tcl/build/tclsh'
TCL_BIN_DIR='/data/data/com.termux/files/home/.termux-build/tcl/build'
TCL_DBGX=''
TCL_DEFS='-DPACKAGE_NAME=\"tcl\" -DPACKAGE_TARNAME=\"tcl\" -DPACKAGE_VERSION=\"8.6\" -DPACKAGE_STRING=\"tcl\ 8.6\" -DPACKAGE_BUGREPORT=\"\" -DSTDC_HEADERS=1 -DHAVE_SYS_TYPES_H=1 -DHAVE_SYS_STAT_H=1 -DHAVE_STDLIB_H=1 -DHAVE_STRING_H=1 -DHAVE_MEMORY_H=1 -DHAVE_STRINGS_H=1 -DHAVE_INTTYPES_H=1 -DHAVE_STDINT_H=1 -DHAVE_UNISTD_H=1 -DNO_VALUES_H=1 -DHAVE_SYS_PARAM_H=1 -DUSE_THREAD_ALLOC=1 -D_REENTRANT=1 -D_THREAD_SAFE=1 -DHAVE_PTHREAD_ATTR_SETSTACKSIZE=1 -DHAVE_PTHREAD_ATFORK=1 -DTCL_THREADS=1 -DTCL_CFGVAL_ENCODING=\"iso8859-1\" -DHAVE_ZLIB=1 -DMODULE_SCOPE=extern\ __attribute__\(\(__visibility__\(\"hidden\"\)\)\) -DHAVE_HIDDEN=1 -DHAVE_CAST_TO_UNION=1 -DTCL_SHLIB_EXT=\".so\" -DNDEBUG=1 -DTCL_CFG_OPTIMIZED=1 -DTCL_TOMMATH=1 -DMP_PREC=4 -DTCL_WIDE_INT_IS_LONG=1 -DHAVE_GETCWD=1 -DHAVE_MKSTEMP=1 -DHAVE_OPENDIR=1 -DHAVE_STRTOL=1 -DHAVE_WAITPID=1 -DNO_GETWD=1 -DNO_WAIT3=1 -DHAVE_GETNAMEINFO=1 -DHAVE_GETADDRINFO=1 -DHAVE_FREEADDRINFO=1 -DHAVE_GAI_STRERROR=1 -DHAVE_STRUCT_ADDRINFO=1 -DHAVE_STRUCT_IN6_ADDR=1 -DHAVE_STRUCT_SOCKADDR_IN6=1 -DHAVE_STRUCT_SOCKADDR_STORAGE=1 -DHAVE_GETPWUID_R_5=1 -DHAVE_GETPWUID_R=1 -DHAVE_GETPWNAM_R_5=1 -DHAVE_GETPWNAM_R=1 -DHAVE_GETGRGID_R_5=1 -DHAVE_GETGRGID_R=1 -DHAVE_GETGRNAM_R_5=1 -DHAVE_GETGRNAM_R=1 -DHAVE_DECL_GETHOSTBYNAME_R=1 -DHAVE_GETHOSTBYNAME_R_6=1 -DHAVE_GETHOSTBYNAME_R=1 -DHAVE_DECL_GETHOSTBYADDR_R=1 -DHAVE_GETHOSTBYADDR_R_8=1 -DHAVE_GETHOSTBYADDR_R=1 -DHAVE_TERMIOS_H=1 -DHAVE_SYS_IOCTL_H=1 -DHAVE_SYS_SELECT_H=1 -DHAVE_SYS_TIME_H=1 -DTIME_WITH_SYS_TIME=1 -DHAVE_GMTIME_R=1 -DHAVE_LOCALTIME_R=1 -DHAVE_MKTIME=1 -DHAVE_TM_GMTOFF=1 -DHAVE_TIMEZONE_VAR=1 -DHAVE_STRUCT_STAT_ST_BLOCKS=1 -DHAVE_STRUCT_STAT_ST_BLKSIZE=1 -DHAVE_BLKCNT_T=1 -DHAVE_INTPTR_T=1 -DHAVE_UINTPTR_T=1 -DNO_UNION_WAIT=1 -DHAVE_SIGNED_CHAR=1 -DHAVE_LANGINFO=1 -DHAVE_MKSTEMPS=1 -DHAVE_FTS=1 -DHAVE_SYS_IOCTL_H=1 -DTCL_UNLOAD_DLLS=1 '
TCL_EXTRA_CFLAGS=' -fstack-protector-strong -Oz -DBIONIC_IOCTL_NO_SIGNEDNESS_OVERLOAD -pipe -I/data/data/com.termux/files/usr/include'
TCL_INCLUDES='-I"/data/data/com.termux/files/home/.termux-build/tcl/src/generic"'
TCL_LD_FLAGS='-L/data/data/com.termux/files/usr/lib -Wl,--enable-new-dtags -Wl,--as-needed -Wl,-z,relro,-z,now -Wl,--export-dynamic '
TCL_LIBS='-ldl -lz  -lpthread -lm'
TCL_LIB_FILE='libtcl8.6.so'
TCL_LIB_FLAG='-ltcl8.6'
TCL_LIB_SPEC='-L/data/data/com.termux/files/home/.termux-build/tcl/build -ltcl8.6'
TCL_PATCH_LEVEL='.10'
TCL_SHLIB_LD_LIBS='${LIBS}'
TCL_SRC_DIR='/data/data/com.termux/files/home/.termux-build/tcl/src'
TCL_STUB_LIB_FILE='libtclstub8.6.a'
TCL_STUB_LIB_FLAG='-ltclstub8.6'
TCL_STUB_LIB_SPEC='-L/data/data/com.termux/files/home/.termux-build/tcl/build -ltclstub8.6'
TCL_THREADS='1'
TCL_VERSION='8.6'
TCL_VERSION_REQ='8.6'
TDBC_LIB_FILE='libtdbc1.1.1.so'
TDBC_VERSION='1.1.1'
VC_MANIFEST_EMBED_DLL=''
VC_MANIFEST_EMBED_EXE=''
ac_ct_CC=''
bindir='${exec_prefix}/bin'
build_alias=''
datadir='${datarootdir}'
datarootdir='${prefix}/share'
docdir='${datarootdir}/doc/${PACKAGE_TARNAME}'
dvidir='${docdir}'
exec_prefix='/data/data/com.termux/files/usr'
host_alias='aarch64-linux-android'
htmldir='${docdir}'
includedir='${prefix}/include'
infodir='${datarootdir}/info'
libdir='/data/data/com.termux/files/usr/lib'
libexecdir='/data/data/com.termux/files/usr/libexec'
localedir='${datarootdir}/locale'
localstatedir='${prefix}/var'
mandir='/data/data/com.termux/files/usr/share/man'
oldincludedir='/usr/include'
pdfdir='${docdir}'
prefix='/data/data/com.termux/files/usr'
program_transform_name='s,x,x,'
psdir='${docdir}'
sbindir='${exec_prefix}/sbin'
sharedstatedir='${prefix}/com'
sysconfdir='${prefix}/etc'
target_alias=''
tdbc_BIN_DIR='/data/data/com.termux/files/home/.termux-build/tcl/build/pkgs/tdbc1.1.1'
tdbc_LIBRARY_PATH='/data/data/com.termux/files/home/.termux-build/tcl/src/pkgs/tdbc1.1.1/library'
tdbc_LIB_FILE='libtdbc1.1.1.so'
tdbc_LIB_SPEC='-L/data/data/com.termux/files/home/.termux-build/tcl/build/pkgs/tdbc1.1.1 -ltdbc1.1.1'
tdbc_SRC_DIR='/data/data/com.termux/files/home/.termux-build/tcl/src/pkgs/tdbc1.1.1'
tdbc_STUB_LIB_FILE='libtdbcstub1.1.1.a'
tdbc_STUB_LIB_PATH='/data/data/com.termux/files/home/.termux-build/tcl/build/pkgs/tdbc1.1.1/libtdbcstub1.1.1.a'
tdbc_STUB_LIB_SPEC='-L/data/data/com.termux/files/home/.termux-build/tcl/build/pkgs/tdbc1.1.1 -ltdbcstub1.1.1'
tdbc_VERSION='1.1.1'

## ----------- ##
## confdefs.h. ##
## ----------- ##

/* confdefs.h */
#define PACKAGE_NAME "tdbcmysql"
#define PACKAGE_TARNAME "tdbcmysql"
#define PACKAGE_VERSION "1.1.1"
#define PACKAGE_STRING "tdbcmysql 1.1.1"
#define PACKAGE_BUGREPORT ""
#define PACKAGE_URL ""
#define BUILD_tdbcmysql /**/
#define STDC_HEADERS 1
#define HAVE_SYS_TYPES_H 1
#define HAVE_SYS_STAT_H 1
#define HAVE_STDLIB_H 1
#define HAVE_STRING_H 1
#define HAVE_MEMORY_H 1
#define HAVE_STRINGS_H 1
#define HAVE_INTTYPES_H 1
#define HAVE_STDINT_H 1
#define HAVE_UNISTD_H 1
#define HAVE_LONG_LONG 1
#define SIZEOF_LONG_LONG 8
#define SIZEOF_LONG 8
#define USE_THREAD_ALLOC 1
#define _REENTRANT 1
#define _THREAD_SAFE 1
#define TCL_THREADS 1
#define USE_TCL_STUBS 1
#define USE_TCLOO_STUBS 1
#define MODULE_SCOPE extern __attribute__((__visibility__("hidden")))
#define HAVE_HIDDEN 1
#define HAVE_CAST_TO_UNION 1
#define HAVE_STDBOOL_H 1
#define TCL_WIDE_INT_IS_LONG 1
#define HAVE_INTPTR_T 1
#define HAVE_UINTPTR_T 1

configure: exit 0
