This file contains any messages produced by compilers while
running configure, to aid debugging if configure makes a mistake.

It was created by tdbcsqlite3 configure 1.1.1, which was
generated by GNU Autoconf 2.69.  Invocation command line was

  $ /data/data/com.termux/files/home/.termux-build/tcl/src/pkgs/tdbcsqlite3-1.1.1/configure --with-tcl=../.. --with-tclinclude=/data/data/com.termux/files/home/.termux-build/tcl/src/generic --disable-dependency-tracking --prefix=/data/data/com.termux/files/usr --libdir=/data/data/com.termux/files/usr/lib --disable-rpath-hack --host=aarch64-linux-android ac_cv_func_memcmp_working=yes ac_cv_func_memcmp=yes ac_cv_func_strtod=yes ac_cv_func_strtoul=yes tcl_cv_strstr_unbroken=ok tcl_cv_strtod_buggy=ok tcl_cv_strtod_unbroken=ok tcl_cv_strtoul_unbroken=ok --disable-rpath --enable-man-symlinks --mandir=/data/data/com.termux/files/usr/share/man --disable-nls --enable-shared --enable-static --libexecdir=/data/data/com.termux/files/usr/libexec CC=aarch64-linux-android-clang CFLAGS= -fstack-protector-strong -Oz -DBIONIC_IOCTL_NO_SIGNEDNESS_OVERLOAD CPPFLAGS=-I/data/data/com.termux/files/usr/include CPP=aarch64-linux-android-cpp LDFLAGS=-L/data/data/com.termux/files/usr/lib -Wl,--enable-new-dtags -Wl,--as-needed -Wl,-z,relro,-z,now host_alias=aarch64-linux-android --libdir=/data/data/com.termux/files/usr/lib --enable-shared --enable-threads

## --------- ##
## Platform. ##
## --------- ##

hostname = localhost
uname -m = aarch64
uname -r = 3.18.31-perf-g502f558-01155-g2e5b524-dirty
uname -s = Linux
uname -v = #1 SMP PREEMPT Wed Jun 26 10:39:13 HKT 2019

/usr/bin/uname -p = unknown
/bin/uname -X     = unknown

/bin/arch              = unknown
/usr/bin/arch -k       = unknown
/usr/convex/getsysinfo = unknown
/usr/bin/hostinfo      = unknown
/bin/machine           = unknown
/usr/bin/oslevel       = unknown
/bin/universe          = unknown

PATH: /data/data/com.termux/files/usr/bin
PATH: /data/data/com.termux/files/usr/bin/applets


## ----------- ##
## Core tests. ##
## ----------- ##

configure:2131: checking TEA configuration
configure:2137: result: ok (TEA 3.13)
configure:2218: configuring tdbcsqlite3 1.1.1
configure:2248: checking system version
configure:2274: result: Linux-3.18.31-perf-g502f558-01155-g2e5b524-dirty
configure:2343: checking for Tcl configuration
configure:2475: result: found /data/data/com.termux/files/home/.termux-build/tcl/build/tclConfig.sh
configure:2488: checking for aarch64-linux-android-gcc
configure:2515: result: aarch64-linux-android-clang
configure:2784: checking for C compiler version
configure:2793: aarch64-linux-android-clang --version >&5
clang version 10.0.1 
Target: aarch64-unknown-linux-android
Thread model: posix
InstalledDir: /data/data/com.termux/files/usr/bin
configure:2804: $? = 0
configure:2793: aarch64-linux-android-clang -v >&5
clang version 10.0.1 
Target: aarch64-unknown-linux-android
Thread model: posix
InstalledDir: /data/data/com.termux/files/usr/bin
configure:2804: $? = 0
configure:2793: aarch64-linux-android-clang -V >&5
clang-10: error: argument to '-V' is missing (expected 1 value)
clang-10: error: no input files
configure:2804: $? = 1
configure:2793: aarch64-linux-android-clang -qversion >&5
clang-10: error: unknown argument '-qversion'; did you mean '--version'?
clang-10: error: no input files
configure:2804: $? = 1
configure:2824: checking whether the C compiler works
configure:2846: aarch64-linux-android-clang  -fstack-protector-strong -Oz -DBIONIC_IOCTL_NO_SIGNEDNESS_OVERLOAD -I/data/data/com.termux/files/usr/include -L/data/data/com.termux/files/usr/lib -Wl,--enable-new-dtags -Wl,--as-needed -Wl,-z,relro,-z,now conftest.c  >&5
configure:2850: $? = 0
configure:2898: result: yes
configure:2901: checking for C compiler default output file name
configure:2903: result: a.out
configure:2909: checking for suffix of executables
configure:2916: aarch64-linux-android-clang -o conftest  -fstack-protector-strong -Oz -DBIONIC_IOCTL_NO_SIGNEDNESS_OVERLOAD -I/data/data/com.termux/files/usr/include -L/data/data/com.termux/files/usr/lib -Wl,--enable-new-dtags -Wl,--as-needed -Wl,-z,relro,-z,now conftest.c  >&5
configure:2920: $? = 0
configure:2942: result: 
configure:2964: checking whether we are cross compiling
configure:2972: aarch64-linux-android-clang -o conftest  -fstack-protector-strong -Oz -DBIONIC_IOCTL_NO_SIGNEDNESS_OVERLOAD -I/data/data/com.termux/files/usr/include -L/data/data/com.termux/files/usr/lib -Wl,--enable-new-dtags -Wl,--as-needed -Wl,-z,relro,-z,now conftest.c  >&5
configure:2976: $? = 0
configure:2983: ./conftest
WARNING: linker: /data/data/com.termux/files/home/.termux-build/tcl/build/pkgs/tdbcsqlite3-1.1.1/conftest: unsupported flags DT_FLAGS_1=0x8000001
configure:2987: $? = 0
configure:3002: result: no
configure:3007: checking for suffix of object files
configure:3029: aarch64-linux-android-clang -c  -fstack-protector-strong -Oz -DBIONIC_IOCTL_NO_SIGNEDNESS_OVERLOAD -I/data/data/com.termux/files/usr/include conftest.c >&5
configure:3033: $? = 0
configure:3054: result: o
configure:3058: checking whether we are using the GNU C compiler
configure:3077: aarch64-linux-android-clang -c  -fstack-protector-strong -Oz -DBIONIC_IOCTL_NO_SIGNEDNESS_OVERLOAD -I/data/data/com.termux/files/usr/include conftest.c >&5
configure:3077: $? = 0
configure:3086: result: yes
configure:3095: checking whether aarch64-linux-android-clang accepts -g
configure:3115: aarch64-linux-android-clang -c -g -I/data/data/com.termux/files/usr/include conftest.c >&5
configure:3115: $? = 0
configure:3156: result: yes
configure:3173: checking for aarch64-linux-android-clang option to accept ISO C89
configure:3236: aarch64-linux-android-clang  -c  -fstack-protector-strong -Oz -DBIONIC_IOCTL_NO_SIGNEDNESS_OVERLOAD -I/data/data/com.termux/files/usr/include conftest.c >&5
configure:3236: $? = 0
configure:3249: result: none needed
configure:3271: checking for existence of /data/data/com.termux/files/home/.termux-build/tcl/build/tclConfig.sh
configure:3275: result: loading
configure:3339: checking platform
configure:3357: aarch64-linux-android-clang -c  -fstack-protector-strong -Oz -DBIONIC_IOCTL_NO_SIGNEDNESS_OVERLOAD -I/data/data/com.termux/files/usr/include conftest.c >&5
configure:3357: $? = 0
configure:3408: result: unix
configure:3460: checking for tdbc configuration
configure:3548: result: found /data/data/com.termux/files/home/.termux-build/tcl/build/pkgs/tdbc1.1.1/tdbcConfig.sh
configure:3554: checking for existence of /data/data/com.termux/files/home/.termux-build/tcl/build/pkgs/tdbc1.1.1/tdbcConfig.sh
configure:3558: result: loading
configure:3576: WARNING: Found Makefile - using build library specs for tdbc
configure:3647: checking For tdbc_STUB library for LIBS
configure:3680: result: using tdbc_STUB_LIB_SPEC -L/data/data/com.termux/files/home/.termux-build/tcl/build/pkgs/tdbc1.1.1 -ltdbcstub1.1.1
configure:3693: WARNING: Looking for "/data/data/com.termux/files/home/.termux-build/tcl/build/pkgs/tdbc1.1.1/Makefile"
configure:3696: WARNING: Found Makefile - using build include spec and lib specs for tdbc
configure:3727: --exec-prefix defaulting to TCL_EXEC_PREFIX /data/data/com.termux/files/usr
configure:3859: checking for pthread_mutex_init in -lpthread
configure:3884: aarch64-linux-android-clang -o conftest  -fstack-protector-strong -Oz -DBIONIC_IOCTL_NO_SIGNEDNESS_OVERLOAD -I/data/data/com.termux/files/usr/include -L/data/data/com.termux/files/usr/lib -Wl,--enable-new-dtags -Wl,--as-needed -Wl,-z,relro,-z,now conftest.c -lpthread   >&5
configure:3884: $? = 0
configure:3893: result: yes
configure:4102: checking for building with threads
configure:4108: result: yes (default)
configure:4153: checking for aarch64-linux-android-ranlib
configure:4180: result: aarch64-linux-android-ranlib
configure:4247: checking how to run the C preprocessor
configure:4317: result: aarch64-linux-android-cpp
configure:4337: aarch64-linux-android-cpp -I/data/data/com.termux/files/usr/include conftest.c
configure:4337: $? = 0
configure:4351: aarch64-linux-android-cpp -I/data/data/com.termux/files/usr/include conftest.c
conftest.c:14:10: fatal error: 'ac_nonexistent.h' file not found
#include <ac_nonexistent.h>
         ^~~~~~~~~~~~~~~~~~
1 error generated.
configure:4351: $? = 1
configure: failed program was:
| /* confdefs.h */
| #define PACKAGE_NAME "tdbcsqlite3"
| #define PACKAGE_TARNAME "tdbcsqlite3"
| #define PACKAGE_VERSION "1.1.1"
| #define PACKAGE_STRING "tdbcsqlite3 1.1.1"
| #define PACKAGE_BUGREPORT ""
| #define PACKAGE_URL ""
| #define BUILD_tdbcsqlite3 /**/
| #define USE_THREAD_ALLOC 1
| #define _REENTRANT 1
| #define _THREAD_SAFE 1
| #define TCL_THREADS 1
| /* end confdefs.h.  */
| #include <ac_nonexistent.h>
configure:4380: checking for grep that handles long lines and -e
configure:4438: result: /data/data/com.termux/files/usr/bin/grep
configure:4443: checking for egrep
configure:4505: result: /data/data/com.termux/files/usr/bin/grep -E
configure:4510: checking for ANSI C header files
configure:4530: aarch64-linux-android-clang -c  -fstack-protector-strong -Oz -DBIONIC_IOCTL_NO_SIGNEDNESS_OVERLOAD -I/data/data/com.termux/files/usr/include conftest.c >&5
configure:4530: $? = 0
configure:4614: result: no
configure:4627: checking for sys/types.h
configure:4627: aarch64-linux-android-clang -c  -fstack-protector-strong -Oz -DBIONIC_IOCTL_NO_SIGNEDNESS_OVERLOAD -I/data/data/com.termux/files/usr/include conftest.c >&5
configure:4627: $? = 0
configure:4627: result: yes
configure:4627: checking for sys/stat.h
configure:4627: aarch64-linux-android-clang -c  -fstack-protector-strong -Oz -DBIONIC_IOCTL_NO_SIGNEDNESS_OVERLOAD -I/data/data/com.termux/files/usr/include conftest.c >&5
configure:4627: $? = 0
configure:4627: result: yes
configure:4627: checking for stdlib.h
configure:4627: aarch64-linux-android-clang -c  -fstack-protector-strong -Oz -DBIONIC_IOCTL_NO_SIGNEDNESS_OVERLOAD -I/data/data/com.termux/files/usr/include conftest.c >&5
configure:4627: $? = 0
configure:4627: result: yes
configure:4627: checking for string.h
configure:4627: aarch64-linux-android-clang -c  -fstack-protector-strong -Oz -DBIONIC_IOCTL_NO_SIGNEDNESS_OVERLOAD -I/data/data/com.termux/files/usr/include conftest.c >&5
configure:4627: $? = 0
configure:4627: result: yes
configure:4627: checking for memory.h
configure:4627: aarch64-linux-android-clang -c  -fstack-protector-strong -Oz -DBIONIC_IOCTL_NO_SIGNEDNESS_OVERLOAD -I/data/data/com.termux/files/usr/include conftest.c >&5
configure:4627: $? = 0
configure:4627: result: yes
configure:4627: checking for strings.h
configure:4627: aarch64-linux-android-clang -c  -fstack-protector-strong -Oz -DBIONIC_IOCTL_NO_SIGNEDNESS_OVERLOAD -I/data/data/com.termux/files/usr/include conftest.c >&5
configure:4627: $? = 0
configure:4627: result: yes
configure:4627: checking for inttypes.h
configure:4627: aarch64-linux-android-clang -c  -fstack-protector-strong -Oz -DBIONIC_IOCTL_NO_SIGNEDNESS_OVERLOAD -I/data/data/com.termux/files/usr/include conftest.c >&5
configure:4627: $? = 0
configure:4627: result: yes
configure:4627: checking for stdint.h
configure:4627: aarch64-linux-android-clang -c  -fstack-protector-strong -Oz -DBIONIC_IOCTL_NO_SIGNEDNESS_OVERLOAD -I/data/data/com.termux/files/usr/include conftest.c >&5
configure:4627: $? = 0
configure:4627: result: yes
configure:4627: checking for unistd.h
configure:4627: aarch64-linux-android-clang -c  -fstack-protector-strong -Oz -DBIONIC_IOCTL_NO_SIGNEDNESS_OVERLOAD -I/data/data/com.termux/files/usr/include conftest.c >&5
configure:4627: $? = 0
configure:4627: result: yes
configure:4644: checking if 64bit support is requested
configure:4653: result: no
configure:4658: checking if 64bit Sparc VIS support is requested
configure:4667: result: no
configure:4677: checking if compiler supports visibility "hidden"
configure:4697: aarch64-linux-android-clang -o conftest  -fstack-protector-strong -Oz -DBIONIC_IOCTL_NO_SIGNEDNESS_OVERLOAD -Werror -I/data/data/com.termux/files/usr/include -L/data/data/com.termux/files/usr/lib -Wl,--enable-new-dtags -Wl,--as-needed -Wl,-z,relro,-z,now conftest.c  >&5
configure:4697: $? = 0
configure:4706: result: yes
configure:4721: checking if rpath support is requested
configure:4730: result: no
configure:4737: checking system version
configure:4763: result: Linux-3.18.31-perf-g502f558-01155-g2e5b524-dirty
configure:4803: checking for aarch64-linux-android-ar
configure:4830: result: aarch64-linux-android-ar
configure:6580: checking for cast to union support
configure:6599: aarch64-linux-android-clang -c  -fstack-protector-strong -Oz -DBIONIC_IOCTL_NO_SIGNEDNESS_OVERLOAD -I/data/data/com.termux/files/usr/include conftest.c >&5
configure:6599: $? = 0
configure:6607: result: yes
configure:6615: checking stdbool.h usability
configure:6615: aarch64-linux-android-clang -c  -fstack-protector-strong -Oz -DBIONIC_IOCTL_NO_SIGNEDNESS_OVERLOAD -I/data/data/com.termux/files/usr/include conftest.c >&5
configure:6615: $? = 0
configure:6615: result: yes
configure:6615: checking stdbool.h presence
configure:6615: aarch64-linux-android-cpp -I/data/data/com.termux/files/usr/include conftest.c
configure:6615: $? = 0
configure:6615: result: yes
configure:6615: checking for stdbool.h
configure:6615: result: yes
configure:6639: checking for required early compiler flags
configure:6657: aarch64-linux-android-clang -c  -fstack-protector-strong -Oz -DBIONIC_IOCTL_NO_SIGNEDNESS_OVERLOAD -I/data/data/com.termux/files/usr/include conftest.c >&5
configure:6657: $? = 0
configure:6704: aarch64-linux-android-clang -c  -fstack-protector-strong -Oz -DBIONIC_IOCTL_NO_SIGNEDNESS_OVERLOAD -I/data/data/com.termux/files/usr/include conftest.c >&5
configure:6704: $? = 0
configure:6751: aarch64-linux-android-clang -c  -fstack-protector-strong -Oz -DBIONIC_IOCTL_NO_SIGNEDNESS_OVERLOAD -I/data/data/com.termux/files/usr/include conftest.c >&5
conftest.c:31:19: error: use of undeclared identifier 'open64'
char *p = (char *)open64;
                  ^
1 error generated.
configure:6751: $? = 1
configure: failed program was:
| /* confdefs.h */
| #define PACKAGE_NAME "tdbcsqlite3"
| #define PACKAGE_TARNAME "tdbcsqlite3"
| #define PACKAGE_VERSION "1.1.1"
| #define PACKAGE_STRING "tdbcsqlite3 1.1.1"
| #define PACKAGE_BUGREPORT ""
| #define PACKAGE_URL ""
| #define BUILD_tdbcsqlite3 /**/
| #define USE_THREAD_ALLOC 1
| #define _REENTRANT 1
| #define _THREAD_SAFE 1
| #define TCL_THREADS 1
| #define HAVE_SYS_TYPES_H 1
| #define HAVE_SYS_STAT_H 1
| #define HAVE_STDLIB_H 1
| #define HAVE_STRING_H 1
| #define HAVE_MEMORY_H 1
| #define HAVE_STRINGS_H 1
| #define HAVE_INTTYPES_H 1
| #define HAVE_STDINT_H 1
| #define HAVE_UNISTD_H 1
| #define MODULE_SCOPE extern __attribute__((__visibility__("hidden")))
| #define HAVE_HIDDEN 1
| #define HAVE_CAST_TO_UNION 1
| #define HAVE_STDBOOL_H 1
| /* end confdefs.h.  */
| #include <sys/stat.h>
| int
| main ()
| {
| char *p = (char *)open64;
|   ;
|   return 0;
| }
configure:6766: aarch64-linux-android-clang -c  -fstack-protector-strong -Oz -DBIONIC_IOCTL_NO_SIGNEDNESS_OVERLOAD -I/data/data/com.termux/files/usr/include conftest.c >&5
conftest.c:32:19: error: use of undeclared identifier 'open64'
char *p = (char *)open64;
                  ^
1 error generated.
configure:6766: $? = 1
configure: failed program was:
| /* confdefs.h */
| #define PACKAGE_NAME "tdbcsqlite3"
| #define PACKAGE_TARNAME "tdbcsqlite3"
| #define PACKAGE_VERSION "1.1.1"
| #define PACKAGE_STRING "tdbcsqlite3 1.1.1"
| #define PACKAGE_BUGREPORT ""
| #define PACKAGE_URL ""
| #define BUILD_tdbcsqlite3 /**/
| #define USE_THREAD_ALLOC 1
| #define _REENTRANT 1
| #define _THREAD_SAFE 1
| #define TCL_THREADS 1
| #define HAVE_SYS_TYPES_H 1
| #define HAVE_SYS_STAT_H 1
| #define HAVE_STDLIB_H 1
| #define HAVE_STRING_H 1
| #define HAVE_MEMORY_H 1
| #define HAVE_STRINGS_H 1
| #define HAVE_INTTYPES_H 1
| #define HAVE_STDINT_H 1
| #define HAVE_UNISTD_H 1
| #define MODULE_SCOPE extern __attribute__((__visibility__("hidden")))
| #define HAVE_HIDDEN 1
| #define HAVE_CAST_TO_UNION 1
| #define HAVE_STDBOOL_H 1
| /* end confdefs.h.  */
| #define _LARGEFILE_SOURCE64 1
| #include <sys/stat.h>
| int
| main ()
| {
| char *p = (char *)open64;
|   ;
|   return 0;
| }
configure:6784: result: none
configure:6792: checking for 64-bit integer type
configure:6811: aarch64-linux-android-clang -c  -fstack-protector-strong -Oz -DBIONIC_IOCTL_NO_SIGNEDNESS_OVERLOAD -I/data/data/com.termux/files/usr/include conftest.c >&5
conftest.c:31:1: error: use of undeclared identifier '__int64'
__int64 value = (__int64) 0;
^
1 error generated.
configure:6811: $? = 1
configure: failed program was:
| /* confdefs.h */
| #define PACKAGE_NAME "tdbcsqlite3"
| #define PACKAGE_TARNAME "tdbcsqlite3"
| #define PACKAGE_VERSION "1.1.1"
| #define PACKAGE_STRING "tdbcsqlite3 1.1.1"
| #define PACKAGE_BUGREPORT ""
| #define PACKAGE_URL ""
| #define BUILD_tdbcsqlite3 /**/
| #define USE_THREAD_ALLOC 1
| #define _REENTRANT 1
| #define _THREAD_SAFE 1
| #define TCL_THREADS 1
| #define HAVE_SYS_TYPES_H 1
| #define HAVE_SYS_STAT_H 1
| #define HAVE_STDLIB_H 1
| #define HAVE_STRING_H 1
| #define HAVE_MEMORY_H 1
| #define HAVE_STRINGS_H 1
| #define HAVE_INTTYPES_H 1
| #define HAVE_STDINT_H 1
| #define HAVE_UNISTD_H 1
| #define MODULE_SCOPE extern __attribute__((__visibility__("hidden")))
| #define HAVE_HIDDEN 1
| #define HAVE_CAST_TO_UNION 1
| #define HAVE_STDBOOL_H 1
| /* end confdefs.h.  */
| 
| int
| main ()
| {
| __int64 value = (__int64) 0;
|   ;
|   return 0;
| }
configure:6833: aarch64-linux-android-clang -c  -fstack-protector-strong -Oz -DBIONIC_IOCTL_NO_SIGNEDNESS_OVERLOAD -I/data/data/com.termux/files/usr/include conftest.c >&5
conftest.c:32:26: error: duplicate case value '1'
            case 1: case (sizeof(long long)==sizeof(long)): ;
                         ^
conftest.c:32:18: note: previous case defined here
            case 1: case (sizeof(long long)==sizeof(long)): ;
                 ^
1 error generated.
configure:6833: $? = 1
configure: failed program was:
| /* confdefs.h */
| #define PACKAGE_NAME "tdbcsqlite3"
| #define PACKAGE_TARNAME "tdbcsqlite3"
| #define PACKAGE_VERSION "1.1.1"
| #define PACKAGE_STRING "tdbcsqlite3 1.1.1"
| #define PACKAGE_BUGREPORT ""
| #define PACKAGE_URL ""
| #define BUILD_tdbcsqlite3 /**/
| #define USE_THREAD_ALLOC 1
| #define _REENTRANT 1
| #define _THREAD_SAFE 1
| #define TCL_THREADS 1
| #define HAVE_SYS_TYPES_H 1
| #define HAVE_SYS_STAT_H 1
| #define HAVE_STDLIB_H 1
| #define HAVE_STRING_H 1
| #define HAVE_MEMORY_H 1
| #define HAVE_STRINGS_H 1
| #define HAVE_INTTYPES_H 1
| #define HAVE_STDINT_H 1
| #define HAVE_UNISTD_H 1
| #define MODULE_SCOPE extern __attribute__((__visibility__("hidden")))
| #define HAVE_HIDDEN 1
| #define HAVE_CAST_TO_UNION 1
| #define HAVE_STDBOOL_H 1
| /* end confdefs.h.  */
| 
| int
| main ()
| {
| switch (0) {
|             case 1: case (sizeof(long long)==sizeof(long)): ;
|         }
|   ;
|   return 0;
| }
configure:6843: result: yes
configure:7016: checking for build with symbols
configure:7029: result: no
configure:7081: checking for tclsh
configure:7116: result: /data/data/com.termux/files/home/.termux-build/tcl/build/tclsh
configure:7289: creating ./config.status

## ---------------------- ##
## Running config.status. ##
## ---------------------- ##

This file was extended by tdbcsqlite3 config.status 1.1.1, which was
generated by GNU Autoconf 2.69.  Invocation command line was

  CONFIG_FILES    = 
  CONFIG_HEADERS  = 
  CONFIG_LINKS    = 
  CONFIG_COMMANDS = 
  $ ./config.status 

on localhost

config.status:799: creating Makefile
config.status:799: creating pkgIndex.tcl
configure:8291: WARNING: unrecognized options: --with-tclinclude, --disable-dependency-tracking, --disable-rpath-hack, --enable-man-symlinks, --disable-nls, --enable-shared, --enable-static, --enable-shared

## ---------------- ##
## Cache variables. ##
## ---------------- ##

ac_cv_c_bigendian='no'
ac_cv_c_compiler_gnu='yes'
ac_cv_c_tclconfig='/data/data/com.termux/files/home/.termux-build/tcl/build'
ac_cv_c_tdbcconfig='/data/data/com.termux/files/home/.termux-build/tcl/build/pkgs/tdbc1.1.1'
ac_cv_env_CC_set='set'
ac_cv_env_CC_value='aarch64-linux-android-clang'
ac_cv_env_CFLAGS_set='set'
ac_cv_env_CFLAGS_value=' -fstack-protector-strong -Oz -DBIONIC_IOCTL_NO_SIGNEDNESS_OVERLOAD'
ac_cv_env_CPPFLAGS_set='set'
ac_cv_env_CPPFLAGS_value='-I/data/data/com.termux/files/usr/include'
ac_cv_env_CPP_set='set'
ac_cv_env_CPP_value='aarch64-linux-android-cpp'
ac_cv_env_LDFLAGS_set='set'
ac_cv_env_LDFLAGS_value='-L/data/data/com.termux/files/usr/lib -Wl,--enable-new-dtags -Wl,--as-needed -Wl,-z,relro,-z,now'
ac_cv_env_LIBS_set=''
ac_cv_env_LIBS_value=''
ac_cv_env_build_alias_set=''
ac_cv_env_build_alias_value=''
ac_cv_env_host_alias_set='set'
ac_cv_env_host_alias_value='aarch64-linux-android'
ac_cv_env_target_alias_set=''
ac_cv_env_target_alias_value=''
ac_cv_func_getpwent='no'
ac_cv_func_getpwnam='no'
ac_cv_func_getpwuid='no'
ac_cv_func_memcmp='yes'
ac_cv_func_memcmp_working='yes'
ac_cv_func_sigsetmask='no'
ac_cv_func_strtod='yes'
ac_cv_func_strtoul='yes'
ac_cv_header_inttypes_h='yes'
ac_cv_header_memory_h='yes'
ac_cv_header_stdbool_h='yes'
ac_cv_header_stdc='no'
ac_cv_header_stdint_h='yes'
ac_cv_header_stdlib_h='yes'
ac_cv_header_string_h='yes'
ac_cv_header_strings_h='yes'
ac_cv_header_sys_stat_h='yes'
ac_cv_header_sys_types_h='yes'
ac_cv_header_unistd_h='yes'
ac_cv_lib_pthread_pthread_mutex_init='yes'
ac_cv_objext='o'
ac_cv_path_EGREP='/data/data/com.termux/files/usr/bin/grep -E'
ac_cv_path_GREP='/data/data/com.termux/files/usr/bin/grep'
ac_cv_prog_AR='aarch64-linux-android-ar'
ac_cv_prog_CC='aarch64-linux-android-clang'
ac_cv_prog_CPP='aarch64-linux-android-cpp'
ac_cv_prog_RANLIB='aarch64-linux-android-ranlib'
ac_cv_prog_cc_c89=''
ac_cv_prog_cc_g='yes'
tcl_cv_cast_to_union='yes'
tcl_cv_cc_visibility_hidden='yes'
tcl_cv_flag__isoc99_source='no'
tcl_cv_flag__largefile64_source='no'
tcl_cv_flag__largefile_source64='no'
tcl_cv_strstr_unbroken='ok'
tcl_cv_strtod_buggy='ok'
tcl_cv_strtod_unbroken='ok'
tcl_cv_strtoul_unbroken='ok'
tcl_cv_sys_version='Linux-3.18.31-perf-g502f558-01155-g2e5b524-dirty'
tcl_cv_type_64bit='none'

## ----------------- ##
## Output variables. ##
## ----------------- ##

AR='aarch64-linux-android-ar'
CC='aarch64-linux-android-clang'
CFLAGS=' -fstack-protector-strong -Oz -DBIONIC_IOCTL_NO_SIGNEDNESS_OVERLOAD -I/data/data/com.termux/files/usr/include'
CFLAGS_DEBUG='-g'
CFLAGS_DEFAULT='-O2 -fomit-frame-pointer -DNDEBUG'
CFLAGS_OPTIMIZE='-O2 -fomit-frame-pointer'
CFLAGS_WARNING='-Wall'
CLEANFILES=''
CPP='aarch64-linux-android-cpp'
CPPFLAGS=''
CYGPATH='echo'
DEFS='-DPACKAGE_NAME=\"tdbcsqlite3\" -DPACKAGE_TARNAME=\"tdbcsqlite3\" -DPACKAGE_VERSION=\"1.1.1\" -DPACKAGE_STRING=\"tdbcsqlite3\ 1.1.1\" -DPACKAGE_BUGREPORT=\"\" -DPACKAGE_URL=\"\" -DBUILD_tdbcsqlite3=/\*\*/ -DUSE_THREAD_ALLOC=1 -D_REENTRANT=1 -D_THREAD_SAFE=1 -DTCL_THREADS=1 -DHAVE_SYS_TYPES_H=1 -DHAVE_SYS_STAT_H=1 -DHAVE_STDLIB_H=1 -DHAVE_STRING_H=1 -DHAVE_MEMORY_H=1 -DHAVE_STRINGS_H=1 -DHAVE_INTTYPES_H=1 -DHAVE_STDINT_H=1 -DHAVE_UNISTD_H=1 -DMODULE_SCOPE=extern\ __attribute__\(\(__visibility__\(\"hidden\"\)\)\) -DHAVE_HIDDEN=1 -DHAVE_CAST_TO_UNION=1 -DHAVE_STDBOOL_H=1 -DTCL_WIDE_INT_IS_LONG=1'
ECHO_C=''
ECHO_N='-n'
ECHO_T=''
EGREP='/data/data/com.termux/files/usr/bin/grep -E'
EXEEXT=''
GREP='/data/data/com.termux/files/usr/bin/grep'
INSTALL='$(SHELL) $(srcdir)/tclconfig/install-sh -c'
INSTALL_DATA='${INSTALL} -m 644'
INSTALL_DATA_DIR='${INSTALL} -d -m 755'
INSTALL_LIBRARY='${INSTALL} -m 644'
INSTALL_PROGRAM='${INSTALL} -m 755'
INSTALL_SCRIPT='${INSTALL} -m 755'
LDFLAGS='-L/data/data/com.termux/files/usr/lib -Wl,--enable-new-dtags -Wl,--as-needed -Wl,-z,relro,-z,now -Wl,--export-dynamic '
LDFLAGS_DEFAULT='-L/data/data/com.termux/files/usr/lib -Wl,--enable-new-dtags -Wl,--as-needed -Wl,-z,relro,-z,now -Wl,--export-dynamic '
LD_LIBRARY_PATH_VAR='LD_LIBRARY_PATH'
LIBOBJS=''
LIBS=''
LTLIBOBJS=''
OBJEXT='o'
PACKAGE_BUGREPORT=''
PACKAGE_NAME='tdbcsqlite3'
PACKAGE_STRING='tdbcsqlite3 1.1.1'
PACKAGE_TARNAME='tdbcsqlite3'
PACKAGE_URL=''
PACKAGE_VERSION='1.1.1'
PATH_SEPARATOR=':'
PKG_CFLAGS=''
PKG_HEADERS=''
PKG_INCLUDES=''
PKG_LIBS=' -L/data/data/com.termux/files/home/.termux-build/tcl/build/pkgs/tdbc1.1.1 -ltdbcstub1.1.1'
PKG_LIB_FILE=''
PKG_STUB_LIB_FILE=''
PKG_STUB_OBJECTS=''
PKG_STUB_SOURCES=''
PKG_TCL_SOURCES=' library/tdbcsqlite3.tcl'
RANLIB='aarch64-linux-android-ranlib'
RC=''
SHELL='/bin/sh'
SHLIB_CFLAGS='-fPIC'
SHLIB_LD='${CC} ${CFLAGS} ${LDFLAGS_DEFAULT} -shared'
SHLIB_LD_LIBS='${LIBS}'
STLIB_LD='${AR} cr'
TCLSH_PROG='/data/data/com.termux/files/home/.termux-build/tcl/build/tclsh'
TCL_BIN_DIR='/data/data/com.termux/files/home/.termux-build/tcl/build'
TCL_DBGX=''
TCL_DEFS='-DPACKAGE_NAME=\"tcl\" -DPACKAGE_TARNAME=\"tcl\" -DPACKAGE_VERSION=\"8.6\" -DPACKAGE_STRING=\"tcl\ 8.6\" -DPACKAGE_BUGREPORT=\"\" -DSTDC_HEADERS=1 -DHAVE_SYS_TYPES_H=1 -DHAVE_SYS_STAT_H=1 -DHAVE_STDLIB_H=1 -DHAVE_STRING_H=1 -DHAVE_MEMORY_H=1 -DHAVE_STRINGS_H=1 -DHAVE_INTTYPES_H=1 -DHAVE_STDINT_H=1 -DHAVE_UNISTD_H=1 -DNO_VALUES_H=1 -DHAVE_SYS_PARAM_H=1 -DUSE_THREAD_ALLOC=1 -D_REENTRANT=1 -D_THREAD_SAFE=1 -DHAVE_PTHREAD_ATTR_SETSTACKSIZE=1 -DHAVE_PTHREAD_ATFORK=1 -DTCL_THREADS=1 -DTCL_CFGVAL_ENCODING=\"iso8859-1\" -DHAVE_ZLIB=1 -DMODULE_SCOPE=extern\ __attribute__\(\(__visibility__\(\"hidden\"\)\)\) -DHAVE_HIDDEN=1 -DHAVE_CAST_TO_UNION=1 -DTCL_SHLIB_EXT=\".so\" -DNDEBUG=1 -DTCL_CFG_OPTIMIZED=1 -DTCL_TOMMATH=1 -DMP_PREC=4 -DTCL_WIDE_INT_IS_LONG=1 -DHAVE_GETCWD=1 -DHAVE_MKSTEMP=1 -DHAVE_OPENDIR=1 -DHAVE_STRTOL=1 -DHAVE_WAITPID=1 -DNO_GETWD=1 -DNO_WAIT3=1 -DHAVE_GETNAMEINFO=1 -DHAVE_GETADDRINFO=1 -DHAVE_FREEADDRINFO=1 -DHAVE_GAI_STRERROR=1 -DHAVE_STRUCT_ADDRINFO=1 -DHAVE_STRUCT_IN6_ADDR=1 -DHAVE_STRUCT_SOCKADDR_IN6=1 -DHAVE_STRUCT_SOCKADDR_STORAGE=1 -DHAVE_GETPWUID_R_5=1 -DHAVE_GETPWUID_R=1 -DHAVE_GETPWNAM_R_5=1 -DHAVE_GETPWNAM_R=1 -DHAVE_GETGRGID_R_5=1 -DHAVE_GETGRGID_R=1 -DHAVE_GETGRNAM_R_5=1 -DHAVE_GETGRNAM_R=1 -DHAVE_DECL_GETHOSTBYNAME_R=1 -DHAVE_GETHOSTBYNAME_R_6=1 -DHAVE_GETHOSTBYNAME_R=1 -DHAVE_DECL_GETHOSTBYADDR_R=1 -DHAVE_GETHOSTBYADDR_R_8=1 -DHAVE_GETHOSTBYADDR_R=1 -DHAVE_TERMIOS_H=1 -DHAVE_SYS_IOCTL_H=1 -DHAVE_SYS_SELECT_H=1 -DHAVE_SYS_TIME_H=1 -DTIME_WITH_SYS_TIME=1 -DHAVE_GMTIME_R=1 -DHAVE_LOCALTIME_R=1 -DHAVE_MKTIME=1 -DHAVE_TM_GMTOFF=1 -DHAVE_TIMEZONE_VAR=1 -DHAVE_STRUCT_STAT_ST_BLOCKS=1 -DHAVE_STRUCT_STAT_ST_BLKSIZE=1 -DHAVE_BLKCNT_T=1 -DHAVE_INTPTR_T=1 -DHAVE_UINTPTR_T=1 -DNO_UNION_WAIT=1 -DHAVE_SIGNED_CHAR=1 -DHAVE_LANGINFO=1 -DHAVE_MKSTEMPS=1 -DHAVE_FTS=1 -DHAVE_SYS_IOCTL_H=1 -DTCL_UNLOAD_DLLS=1 '
TCL_EXTRA_CFLAGS=' -fstack-protector-strong -Oz -DBIONIC_IOCTL_NO_SIGNEDNESS_OVERLOAD -pipe -I/data/data/com.termux/files/usr/include'
TCL_LD_FLAGS='-L/data/data/com.termux/files/usr/lib -Wl,--enable-new-dtags -Wl,--as-needed -Wl,-z,relro,-z,now -Wl,--export-dynamic '
TCL_LIBS='-ldl -lz  -lpthread -lm'
TCL_LIB_FILE='libtcl8.6.so'
TCL_LIB_FLAG='-ltcl8.6'
TCL_LIB_SPEC='-L/data/data/com.termux/files/home/.termux-build/tcl/build -ltcl8.6'
TCL_MAJOR_VERSION='8'
TCL_MINOR_VERSION='6'
TCL_PATCH_LEVEL='.10'
TCL_SHLIB_LD_LIBS='${LIBS}'
TCL_SRC_DIR='/data/data/com.termux/files/home/.termux-build/tcl/src'
TCL_STUB_LIB_FILE='libtclstub8.6.a'
TCL_STUB_LIB_FLAG='-ltclstub8.6'
TCL_STUB_LIB_SPEC='-L/data/data/com.termux/files/home/.termux-build/tcl/build -ltclstub8.6'
TCL_THREADS='1'
TCL_VERSION='8.6'
TDBC_LIB_FILE='libtdbc1.1.1.so'
TDBC_VERSION='1.1.1'
ac_ct_CC=''
bindir='${exec_prefix}/bin'
build_alias=''
datadir='${datarootdir}'
datarootdir='${prefix}/share'
docdir='${datarootdir}/doc/${PACKAGE_TARNAME}'
dvidir='${docdir}'
exec_prefix='/data/data/com.termux/files/usr'
host_alias='aarch64-linux-android'
htmldir='${docdir}'
includedir='${prefix}/include'
infodir='${datarootdir}/info'
libdir='/data/data/com.termux/files/usr/lib'
libexecdir='/data/data/com.termux/files/usr/libexec'
localedir='${datarootdir}/locale'
localstatedir='${prefix}/var'
mandir='/data/data/com.termux/files/usr/share/man'
oldincludedir='/usr/include'
pdfdir='${docdir}'
prefix='/data/data/com.termux/files/usr'
program_transform_name='s,x,x,'
psdir='${docdir}'
sbindir='${exec_prefix}/sbin'
sharedstatedir='${prefix}/com'
sysconfdir='${prefix}/etc'
target_alias=''
tdbc_BIN_DIR='/data/data/com.termux/files/home/.termux-build/tcl/build/pkgs/tdbc1.1.1'
tdbc_LIBRARY_PATH='/data/data/com.termux/files/home/.termux-build/tcl/src/pkgs/tdbc1.1.1/library'
tdbc_LIB_FILE='libtdbc1.1.1.so'
tdbc_LIB_SPEC='-L/data/data/com.termux/files/home/.termux-build/tcl/build/pkgs/tdbc1.1.1 -ltdbc1.1.1'
tdbc_SRC_DIR='/data/data/com.termux/files/home/.termux-build/tcl/src/pkgs/tdbc1.1.1'
tdbc_STUB_LIB_FILE='libtdbcstub1.1.1.a'
tdbc_STUB_LIB_PATH='/data/data/com.termux/files/home/.termux-build/tcl/build/pkgs/tdbc1.1.1/libtdbcstub1.1.1.a'
tdbc_STUB_LIB_SPEC='-L/data/data/com.termux/files/home/.termux-build/tcl/build/pkgs/tdbc1.1.1 -ltdbcstub1.1.1'
tdbc_VERSION='1.1.1'

## ----------- ##
## confdefs.h. ##
## ----------- ##

/* confdefs.h */
#define PACKAGE_NAME "tdbcsqlite3"
#define PACKAGE_TARNAME "tdbcsqlite3"
#define PACKAGE_VERSION "1.1.1"
#define PACKAGE_STRING "tdbcsqlite3 1.1.1"
#define PACKAGE_BUGREPORT ""
#define PACKAGE_URL ""
#define BUILD_tdbcsqlite3 /**/
#define USE_THREAD_ALLOC 1
#define _REENTRANT 1
#define _THREAD_SAFE 1
#define TCL_THREADS 1
#define HAVE_SYS_TYPES_H 1
#define HAVE_SYS_STAT_H 1
#define HAVE_STDLIB_H 1
#define HAVE_STRING_H 1
#define HAVE_MEMORY_H 1
#define HAVE_STRINGS_H 1
#define HAVE_INTTYPES_H 1
#define HAVE_STDINT_H 1
#define HAVE_UNISTD_H 1
#define MODULE_SCOPE extern __attribute__((__visibility__("hidden")))
#define HAVE_HIDDEN 1
#define HAVE_CAST_TO_UNION 1
#define HAVE_STDBOOL_H 1
#define TCL_WIDE_INT_IS_LONG 1

configure: exit 0
