This file contains any messages produced by compilers while
running configure, to aid debugging if configure makes a mistake.

It was created by sqlite configure 3.30.1.2, which was
generated by GNU Autoconf 2.69.  Invocation command line was

  $ /data/data/com.termux/files/home/.termux-build/tcl/src/pkgs/sqlite3.30.1.2/configure --with-tcl=../.. --with-tclinclude=/data/data/com.termux/files/home/.termux-build/tcl/src/generic --disable-dependency-tracking --prefix=/data/data/com.termux/files/usr --libdir=/data/data/com.termux/files/usr/lib --disable-rpath-hack --host=aarch64-linux-android ac_cv_func_memcmp_working=yes ac_cv_func_memcmp=yes ac_cv_func_strtod=yes ac_cv_func_strtoul=yes tcl_cv_strstr_unbroken=ok tcl_cv_strtod_buggy=ok tcl_cv_strtod_unbroken=ok tcl_cv_strtoul_unbroken=ok --disable-rpath --enable-man-symlinks --mandir=/data/data/com.termux/files/usr/share/man --disable-nls --enable-shared --enable-static --libexecdir=/data/data/com.termux/files/usr/libexec CC=aarch64-linux-android-clang CFLAGS= -fstack-protector-strong -Oz -DBIONIC_IOCTL_NO_SIGNEDNESS_OVERLOAD CPPFLAGS=-I/data/data/com.termux/files/usr/include CPP=aarch64-linux-android-cpp LDFLAGS=-L/data/data/com.termux/files/usr/lib -Wl,--enable-new-dtags -Wl,--as-needed -Wl,-z,relro,-z,now host_alias=aarch64-linux-android --libdir=/data/data/com.termux/files/usr/lib --enable-shared --enable-threads

## --------- ##
## Platform. ##
## --------- ##

hostname = localhost
uname -m = aarch64
uname -r = 3.18.31-perf-g502f558-01155-g2e5b524-dirty
uname -s = Linux
uname -v = #1 SMP PREEMPT Wed Jun 26 10:39:13 HKT 2019

/usr/bin/uname -p = unknown
/bin/uname -X     = unknown

/bin/arch              = unknown
/usr/bin/arch -k       = unknown
/usr/convex/getsysinfo = unknown
/usr/bin/hostinfo      = unknown
/bin/machine           = unknown
/usr/bin/oslevel       = unknown
/bin/universe          = unknown

PATH: /data/data/com.termux/files/usr/bin
PATH: /data/data/com.termux/files/usr/bin/applets


## ----------- ##
## Core tests. ##
## ----------- ##

configure:2227: checking TEA configuration
configure:2233: result: ok (TEA 3.13)
configure:2314: configuring sqlite 3.30.1.2
configure:2344: checking system version
configure:2370: result: Linux-3.18.31-perf-g502f558-01155-g2e5b524-dirty
configure:2439: checking for Tcl configuration
configure:2571: result: found /data/data/com.termux/files/home/.termux-build/tcl/build/tclConfig.sh
configure:2584: checking for aarch64-linux-android-gcc
configure:2611: result: aarch64-linux-android-clang
configure:2880: checking for C compiler version
configure:2889: aarch64-linux-android-clang --version >&5
clang version 10.0.1 
Target: aarch64-unknown-linux-android
Thread model: posix
InstalledDir: /data/data/com.termux/files/usr/bin
configure:2900: $? = 0
configure:2889: aarch64-linux-android-clang -v >&5
clang version 10.0.1 
Target: aarch64-unknown-linux-android
Thread model: posix
InstalledDir: /data/data/com.termux/files/usr/bin
configure:2900: $? = 0
configure:2889: aarch64-linux-android-clang -V >&5
clang-10: error: argument to '-V' is missing (expected 1 value)
clang-10: error: no input files
configure:2900: $? = 1
configure:2889: aarch64-linux-android-clang -qversion >&5
clang-10: error: unknown argument '-qversion'; did you mean '--version'?
clang-10: error: no input files
configure:2900: $? = 1
configure:2920: checking whether the C compiler works
configure:2942: aarch64-linux-android-clang  -fstack-protector-strong -Oz -DBIONIC_IOCTL_NO_SIGNEDNESS_OVERLOAD -I/data/data/com.termux/files/usr/include -L/data/data/com.termux/files/usr/lib -Wl,--enable-new-dtags -Wl,--as-needed -Wl,-z,relro,-z,now conftest.c  >&5
configure:2946: $? = 0
configure:2994: result: yes
configure:2997: checking for C compiler default output file name
configure:2999: result: a.out
configure:3005: checking for suffix of executables
configure:3012: aarch64-linux-android-clang -o conftest  -fstack-protector-strong -Oz -DBIONIC_IOCTL_NO_SIGNEDNESS_OVERLOAD -I/data/data/com.termux/files/usr/include -L/data/data/com.termux/files/usr/lib -Wl,--enable-new-dtags -Wl,--as-needed -Wl,-z,relro,-z,now conftest.c  >&5
configure:3016: $? = 0
configure:3038: result: 
configure:3060: checking whether we are cross compiling
configure:3068: aarch64-linux-android-clang -o conftest  -fstack-protector-strong -Oz -DBIONIC_IOCTL_NO_SIGNEDNESS_OVERLOAD -I/data/data/com.termux/files/usr/include -L/data/data/com.termux/files/usr/lib -Wl,--enable-new-dtags -Wl,--as-needed -Wl,-z,relro,-z,now conftest.c  >&5
configure:3072: $? = 0
configure:3079: ./conftest
WARNING: linker: /data/data/com.termux/files/home/.termux-build/tcl/build/pkgs/sqlite3.30.1.2/conftest: unsupported flags DT_FLAGS_1=0x8000001
configure:3083: $? = 0
configure:3098: result: no
configure:3103: checking for suffix of object files
configure:3125: aarch64-linux-android-clang -c  -fstack-protector-strong -Oz -DBIONIC_IOCTL_NO_SIGNEDNESS_OVERLOAD -I/data/data/com.termux/files/usr/include conftest.c >&5
configure:3129: $? = 0
configure:3150: result: o
configure:3154: checking whether we are using the GNU C compiler
configure:3173: aarch64-linux-android-clang -c  -fstack-protector-strong -Oz -DBIONIC_IOCTL_NO_SIGNEDNESS_OVERLOAD -I/data/data/com.termux/files/usr/include conftest.c >&5
configure:3173: $? = 0
configure:3182: result: yes
configure:3191: checking whether aarch64-linux-android-clang accepts -g
configure:3211: aarch64-linux-android-clang -c -g -I/data/data/com.termux/files/usr/include conftest.c >&5
configure:3211: $? = 0
configure:3252: result: yes
configure:3269: checking for aarch64-linux-android-clang option to accept ISO C89
configure:3332: aarch64-linux-android-clang  -c  -fstack-protector-strong -Oz -DBIONIC_IOCTL_NO_SIGNEDNESS_OVERLOAD -I/data/data/com.termux/files/usr/include conftest.c >&5
configure:3332: $? = 0
configure:3345: result: none needed
configure:3367: checking for existence of /data/data/com.termux/files/home/.termux-build/tcl/build/tclConfig.sh
configure:3371: result: loading
configure:3435: checking platform
configure:3453: aarch64-linux-android-clang -c  -fstack-protector-strong -Oz -DBIONIC_IOCTL_NO_SIGNEDNESS_OVERLOAD -I/data/data/com.termux/files/usr/include conftest.c >&5
configure:3453: $? = 0
configure:3504: result: unix
configure:3557: --exec-prefix defaulting to TCL_EXEC_PREFIX /data/data/com.termux/files/usr
configure:3587: checking for aarch64-linux-android-gcc
configure:3614: result: aarch64-linux-android-clang
configure:3883: checking for C compiler version
configure:3892: aarch64-linux-android-clang --version >&5
clang version 10.0.1 
Target: aarch64-unknown-linux-android
Thread model: posix
InstalledDir: /data/data/com.termux/files/usr/bin
configure:3903: $? = 0
configure:3892: aarch64-linux-android-clang -v >&5
clang version 10.0.1 
Target: aarch64-unknown-linux-android
Thread model: posix
InstalledDir: /data/data/com.termux/files/usr/bin
configure:3903: $? = 0
configure:3892: aarch64-linux-android-clang -V >&5
clang-10: error: argument to '-V' is missing (expected 1 value)
clang-10: error: no input files
configure:3903: $? = 1
configure:3892: aarch64-linux-android-clang -qversion >&5
clang-10: error: unknown argument '-qversion'; did you mean '--version'?
clang-10: error: no input files
configure:3903: $? = 1
configure:3907: checking whether we are using the GNU C compiler
configure:3935: result: yes
configure:3944: checking whether aarch64-linux-android-clang accepts -g
configure:4005: result: yes
configure:4022: checking for aarch64-linux-android-clang option to accept ISO C89
configure:4098: result: none needed
configure:4123: checking how to run the C preprocessor
configure:4193: result: aarch64-linux-android-cpp
configure:4213: aarch64-linux-android-cpp -I/data/data/com.termux/files/usr/include conftest.c
configure:4213: $? = 0
configure:4227: aarch64-linux-android-cpp -I/data/data/com.termux/files/usr/include conftest.c
conftest.c:10:10: fatal error: 'ac_nonexistent.h' file not found
#include <ac_nonexistent.h>
         ^~~~~~~~~~~~~~~~~~
1 error generated.
configure:4227: $? = 1
configure: failed program was:
| /* confdefs.h */
| #define PACKAGE_NAME "sqlite"
| #define PACKAGE_TARNAME "sqlite"
| #define PACKAGE_VERSION "3.30.1.2"
| #define PACKAGE_STRING "sqlite 3.30.1.2"
| #define PACKAGE_BUGREPORT ""
| #define PACKAGE_URL ""
| #define BUILD_sqlite /**/
| /* end confdefs.h.  */
| #include <ac_nonexistent.h>
configure:4260: checking whether make sets $(MAKE)
configure:4282: result: yes
configure:4299: checking for aarch64-linux-android-ranlib
configure:4326: result: aarch64-linux-android-ranlib
configure:4397: checking for grep that handles long lines and -e
configure:4455: result: /data/data/com.termux/files/usr/bin/grep
configure:4460: checking for egrep
configure:4522: result: /data/data/com.termux/files/usr/bin/grep -E
configure:4527: checking for ANSI C header files
configure:4547: aarch64-linux-android-clang -c  -fstack-protector-strong -Oz -DBIONIC_IOCTL_NO_SIGNEDNESS_OVERLOAD -I/data/data/com.termux/files/usr/include conftest.c >&5
configure:4547: $? = 0
configure:4620: aarch64-linux-android-clang -o conftest  -fstack-protector-strong -Oz -DBIONIC_IOCTL_NO_SIGNEDNESS_OVERLOAD -I/data/data/com.termux/files/usr/include -L/data/data/com.termux/files/usr/lib -Wl,--enable-new-dtags -Wl,--as-needed -Wl,-z,relro,-z,now conftest.c  >&5
configure:4620: $? = 0
configure:4620: ./conftest
WARNING: linker: /data/data/com.termux/files/home/.termux-build/tcl/build/pkgs/sqlite3.30.1.2/conftest: unsupported flags DT_FLAGS_1=0x8000001
configure:4620: $? = 0
configure:4631: result: yes
configure:4644: checking for sys/types.h
configure:4644: aarch64-linux-android-clang -c  -fstack-protector-strong -Oz -DBIONIC_IOCTL_NO_SIGNEDNESS_OVERLOAD -I/data/data/com.termux/files/usr/include conftest.c >&5
configure:4644: $? = 0
configure:4644: result: yes
configure:4644: checking for sys/stat.h
configure:4644: aarch64-linux-android-clang -c  -fstack-protector-strong -Oz -DBIONIC_IOCTL_NO_SIGNEDNESS_OVERLOAD -I/data/data/com.termux/files/usr/include conftest.c >&5
configure:4644: $? = 0
configure:4644: result: yes
configure:4644: checking for stdlib.h
configure:4644: aarch64-linux-android-clang -c  -fstack-protector-strong -Oz -DBIONIC_IOCTL_NO_SIGNEDNESS_OVERLOAD -I/data/data/com.termux/files/usr/include conftest.c >&5
configure:4644: $? = 0
configure:4644: result: yes
configure:4644: checking for string.h
configure:4644: aarch64-linux-android-clang -c  -fstack-protector-strong -Oz -DBIONIC_IOCTL_NO_SIGNEDNESS_OVERLOAD -I/data/data/com.termux/files/usr/include conftest.c >&5
configure:4644: $? = 0
configure:4644: result: yes
configure:4644: checking for memory.h
configure:4644: aarch64-linux-android-clang -c  -fstack-protector-strong -Oz -DBIONIC_IOCTL_NO_SIGNEDNESS_OVERLOAD -I/data/data/com.termux/files/usr/include conftest.c >&5
configure:4644: $? = 0
configure:4644: result: yes
configure:4644: checking for strings.h
configure:4644: aarch64-linux-android-clang -c  -fstack-protector-strong -Oz -DBIONIC_IOCTL_NO_SIGNEDNESS_OVERLOAD -I/data/data/com.termux/files/usr/include conftest.c >&5
configure:4644: $? = 0
configure:4644: result: yes
configure:4644: checking for inttypes.h
configure:4644: aarch64-linux-android-clang -c  -fstack-protector-strong -Oz -DBIONIC_IOCTL_NO_SIGNEDNESS_OVERLOAD -I/data/data/com.termux/files/usr/include conftest.c >&5
configure:4644: $? = 0
configure:4644: result: yes
configure:4644: checking for stdint.h
configure:4644: aarch64-linux-android-clang -c  -fstack-protector-strong -Oz -DBIONIC_IOCTL_NO_SIGNEDNESS_OVERLOAD -I/data/data/com.termux/files/usr/include conftest.c >&5
configure:4644: $? = 0
configure:4644: result: yes
configure:4644: checking for unistd.h
configure:4644: aarch64-linux-android-clang -c  -fstack-protector-strong -Oz -DBIONIC_IOCTL_NO_SIGNEDNESS_OVERLOAD -I/data/data/com.termux/files/usr/include conftest.c >&5
configure:4644: $? = 0
configure:4644: result: yes
configure:4666: checking if the compiler understands -pipe
configure:4684: aarch64-linux-android-clang -c  -fstack-protector-strong -Oz -DBIONIC_IOCTL_NO_SIGNEDNESS_OVERLOAD -pipe -I/data/data/com.termux/files/usr/include conftest.c >&5
configure:4684: $? = 0
configure:4692: result: yes
configure:4703: checking whether byte ordering is bigendian
configure:4909: result: no
configure:5198: checking for Tcl public headers
configure:5269: result: /data/data/com.termux/files/home/.termux-build/tcl/src/generic
configure:5330: checking for pthread_mutex_init in -lpthread
configure:5355: aarch64-linux-android-clang -o conftest  -fstack-protector-strong -Oz -DBIONIC_IOCTL_NO_SIGNEDNESS_OVERLOAD -pipe -I/data/data/com.termux/files/usr/include -L/data/data/com.termux/files/usr/lib -Wl,--enable-new-dtags -Wl,--as-needed -Wl,-z,relro,-z,now conftest.c -lpthread   >&5
configure:5355: $? = 0
configure:5364: result: yes
configure:5573: checking for building with threads
configure:5579: result: yes (default)
configure:5630: checking how to build libraries
configure:5664: result: shared
configure:5708: checking for aarch64-linux-android-ranlib
configure:5735: result: aarch64-linux-android-ranlib
configure:5802: checking if 64bit support is requested
configure:5811: result: no
configure:5816: checking if 64bit Sparc VIS support is requested
configure:5825: result: no
configure:5835: checking if compiler supports visibility "hidden"
configure:5855: aarch64-linux-android-clang -o conftest  -fstack-protector-strong -Oz -DBIONIC_IOCTL_NO_SIGNEDNESS_OVERLOAD -pipe -Werror -I/data/data/com.termux/files/usr/include -L/data/data/com.termux/files/usr/lib -Wl,--enable-new-dtags -Wl,--as-needed -Wl,-z,relro,-z,now conftest.c  >&5
configure:5855: $? = 0
configure:5864: result: yes
configure:5879: checking if rpath support is requested
configure:5888: result: no
configure:5895: checking system version
configure:5921: result: Linux-3.18.31-perf-g502f558-01155-g2e5b524-dirty
configure:5961: checking for aarch64-linux-android-ar
configure:5988: result: aarch64-linux-android-ar
configure:7696: checking for cast to union support
configure:7715: aarch64-linux-android-clang -c  -fstack-protector-strong -Oz -DBIONIC_IOCTL_NO_SIGNEDNESS_OVERLOAD -pipe -I/data/data/com.termux/files/usr/include conftest.c >&5
configure:7715: $? = 0
configure:7723: result: yes
configure:7731: checking stdbool.h usability
configure:7731: aarch64-linux-android-clang -c  -fstack-protector-strong -Oz -DBIONIC_IOCTL_NO_SIGNEDNESS_OVERLOAD -pipe -I/data/data/com.termux/files/usr/include conftest.c >&5
configure:7731: $? = 0
configure:7731: result: yes
configure:7731: checking stdbool.h presence
configure:7731: aarch64-linux-android-cpp -I/data/data/com.termux/files/usr/include conftest.c
configure:7731: $? = 0
configure:7731: result: yes
configure:7731: checking for stdbool.h
configure:7731: result: yes
configure:7755: checking for required early compiler flags
configure:7773: aarch64-linux-android-clang -c  -fstack-protector-strong -Oz -DBIONIC_IOCTL_NO_SIGNEDNESS_OVERLOAD -pipe -I/data/data/com.termux/files/usr/include conftest.c >&5
configure:7773: $? = 0
configure:7820: aarch64-linux-android-clang -c  -fstack-protector-strong -Oz -DBIONIC_IOCTL_NO_SIGNEDNESS_OVERLOAD -pipe -I/data/data/com.termux/files/usr/include conftest.c >&5
configure:7820: $? = 0
configure:7867: aarch64-linux-android-clang -c  -fstack-protector-strong -Oz -DBIONIC_IOCTL_NO_SIGNEDNESS_OVERLOAD -pipe -I/data/data/com.termux/files/usr/include conftest.c >&5
conftest.c:35:19: error: use of undeclared identifier 'open64'
char *p = (char *)open64;
                  ^
1 error generated.
configure:7867: $? = 1
configure: failed program was:
| /* confdefs.h */
| #define PACKAGE_NAME "sqlite"
| #define PACKAGE_TARNAME "sqlite"
| #define PACKAGE_VERSION "3.30.1.2"
| #define PACKAGE_STRING "sqlite 3.30.1.2"
| #define PACKAGE_BUGREPORT ""
| #define PACKAGE_URL ""
| #define BUILD_sqlite /**/
| #define STDC_HEADERS 1
| #define HAVE_SYS_TYPES_H 1
| #define HAVE_SYS_STAT_H 1
| #define HAVE_STDLIB_H 1
| #define HAVE_STRING_H 1
| #define HAVE_MEMORY_H 1
| #define HAVE_STRINGS_H 1
| #define HAVE_INTTYPES_H 1
| #define HAVE_STDINT_H 1
| #define HAVE_UNISTD_H 1
| #define USE_THREAD_ALLOC 1
| #define _REENTRANT 1
| #define _THREAD_SAFE 1
| #define TCL_THREADS 1
| #define SQLITE_THREADSAFE 1
| #define USE_TCL_STUBS 1
| #define USE_TCLOO_STUBS 1
| #define MODULE_SCOPE extern __attribute__((__visibility__("hidden")))
| #define HAVE_HIDDEN 1
| #define HAVE_CAST_TO_UNION 1
| #define HAVE_STDBOOL_H 1
| /* end confdefs.h.  */
| #include <sys/stat.h>
| int
| main ()
| {
| char *p = (char *)open64;
|   ;
|   return 0;
| }
configure:7882: aarch64-linux-android-clang -c  -fstack-protector-strong -Oz -DBIONIC_IOCTL_NO_SIGNEDNESS_OVERLOAD -pipe -I/data/data/com.termux/files/usr/include conftest.c >&5
conftest.c:36:19: error: use of undeclared identifier 'open64'
char *p = (char *)open64;
                  ^
1 error generated.
configure:7882: $? = 1
configure: failed program was:
| /* confdefs.h */
| #define PACKAGE_NAME "sqlite"
| #define PACKAGE_TARNAME "sqlite"
| #define PACKAGE_VERSION "3.30.1.2"
| #define PACKAGE_STRING "sqlite 3.30.1.2"
| #define PACKAGE_BUGREPORT ""
| #define PACKAGE_URL ""
| #define BUILD_sqlite /**/
| #define STDC_HEADERS 1
| #define HAVE_SYS_TYPES_H 1
| #define HAVE_SYS_STAT_H 1
| #define HAVE_STDLIB_H 1
| #define HAVE_STRING_H 1
| #define HAVE_MEMORY_H 1
| #define HAVE_STRINGS_H 1
| #define HAVE_INTTYPES_H 1
| #define HAVE_STDINT_H 1
| #define HAVE_UNISTD_H 1
| #define USE_THREAD_ALLOC 1
| #define _REENTRANT 1
| #define _THREAD_SAFE 1
| #define TCL_THREADS 1
| #define SQLITE_THREADSAFE 1
| #define USE_TCL_STUBS 1
| #define USE_TCLOO_STUBS 1
| #define MODULE_SCOPE extern __attribute__((__visibility__("hidden")))
| #define HAVE_HIDDEN 1
| #define HAVE_CAST_TO_UNION 1
| #define HAVE_STDBOOL_H 1
| /* end confdefs.h.  */
| #define _LARGEFILE_SOURCE64 1
| #include <sys/stat.h>
| int
| main ()
| {
| char *p = (char *)open64;
|   ;
|   return 0;
| }
configure:7900: result: none
configure:7908: checking for 64-bit integer type
configure:7927: aarch64-linux-android-clang -c  -fstack-protector-strong -Oz -DBIONIC_IOCTL_NO_SIGNEDNESS_OVERLOAD -pipe -I/data/data/com.termux/files/usr/include conftest.c >&5
conftest.c:35:1: error: use of undeclared identifier '__int64'
__int64 value = (__int64) 0;
^
1 error generated.
configure:7927: $? = 1
configure: failed program was:
| /* confdefs.h */
| #define PACKAGE_NAME "sqlite"
| #define PACKAGE_TARNAME "sqlite"
| #define PACKAGE_VERSION "3.30.1.2"
| #define PACKAGE_STRING "sqlite 3.30.1.2"
| #define PACKAGE_BUGREPORT ""
| #define PACKAGE_URL ""
| #define BUILD_sqlite /**/
| #define STDC_HEADERS 1
| #define HAVE_SYS_TYPES_H 1
| #define HAVE_SYS_STAT_H 1
| #define HAVE_STDLIB_H 1
| #define HAVE_STRING_H 1
| #define HAVE_MEMORY_H 1
| #define HAVE_STRINGS_H 1
| #define HAVE_INTTYPES_H 1
| #define HAVE_STDINT_H 1
| #define HAVE_UNISTD_H 1
| #define USE_THREAD_ALLOC 1
| #define _REENTRANT 1
| #define _THREAD_SAFE 1
| #define TCL_THREADS 1
| #define SQLITE_THREADSAFE 1
| #define USE_TCL_STUBS 1
| #define USE_TCLOO_STUBS 1
| #define MODULE_SCOPE extern __attribute__((__visibility__("hidden")))
| #define HAVE_HIDDEN 1
| #define HAVE_CAST_TO_UNION 1
| #define HAVE_STDBOOL_H 1
| /* end confdefs.h.  */
| 
| int
| main ()
| {
| __int64 value = (__int64) 0;
|   ;
|   return 0;
| }
configure:7949: aarch64-linux-android-clang -c  -fstack-protector-strong -Oz -DBIONIC_IOCTL_NO_SIGNEDNESS_OVERLOAD -pipe -I/data/data/com.termux/files/usr/include conftest.c >&5
conftest.c:36:26: error: duplicate case value '1'
            case 1: case (sizeof(long long)==sizeof(long)): ;
                         ^
conftest.c:36:18: note: previous case defined here
            case 1: case (sizeof(long long)==sizeof(long)): ;
                 ^
1 error generated.
configure:7949: $? = 1
configure: failed program was:
| /* confdefs.h */
| #define PACKAGE_NAME "sqlite"
| #define PACKAGE_TARNAME "sqlite"
| #define PACKAGE_VERSION "3.30.1.2"
| #define PACKAGE_STRING "sqlite 3.30.1.2"
| #define PACKAGE_BUGREPORT ""
| #define PACKAGE_URL ""
| #define BUILD_sqlite /**/
| #define STDC_HEADERS 1
| #define HAVE_SYS_TYPES_H 1
| #define HAVE_SYS_STAT_H 1
| #define HAVE_STDLIB_H 1
| #define HAVE_STRING_H 1
| #define HAVE_MEMORY_H 1
| #define HAVE_STRINGS_H 1
| #define HAVE_INTTYPES_H 1
| #define HAVE_STDINT_H 1
| #define HAVE_UNISTD_H 1
| #define USE_THREAD_ALLOC 1
| #define _REENTRANT 1
| #define _THREAD_SAFE 1
| #define TCL_THREADS 1
| #define SQLITE_THREADSAFE 1
| #define USE_TCL_STUBS 1
| #define USE_TCLOO_STUBS 1
| #define MODULE_SCOPE extern __attribute__((__visibility__("hidden")))
| #define HAVE_HIDDEN 1
| #define HAVE_CAST_TO_UNION 1
| #define HAVE_STDBOOL_H 1
| /* end confdefs.h.  */
| 
| int
| main ()
| {
| switch (0) {
|             case 1: case (sizeof(long long)==sizeof(long)): ;
|         }
|   ;
|   return 0;
| }
configure:7959: result: yes
configure:8137: checking for build with symbols
configure:8150: result: no
configure:8205: checking malloc.h usability
configure:8205: aarch64-linux-android-clang -c  -fstack-protector-strong -Oz -DBIONIC_IOCTL_NO_SIGNEDNESS_OVERLOAD -pipe -I/data/data/com.termux/files/usr/include conftest.c >&5
configure:8205: $? = 0
configure:8205: result: yes
configure:8205: checking malloc.h presence
configure:8205: aarch64-linux-android-cpp -I/data/data/com.termux/files/usr/include conftest.c
configure:8205: $? = 0
configure:8205: result: yes
configure:8205: checking for malloc.h
configure:8205: result: yes
configure:8219: checking for fdatasync
configure:8219: aarch64-linux-android-clang -o conftest  -fstack-protector-strong -Oz -DBIONIC_IOCTL_NO_SIGNEDNESS_OVERLOAD -pipe -I/data/data/com.termux/files/usr/include -L/data/data/com.termux/files/usr/lib -Wl,--enable-new-dtags -Wl,--as-needed -Wl,-z,relro,-z,now -Wl,--export-dynamic  conftest.c  >&5
configure:8219: $? = 0
configure:8219: result: yes
configure:8219: checking for usleep
configure:8219: aarch64-linux-android-clang -o conftest  -fstack-protector-strong -Oz -DBIONIC_IOCTL_NO_SIGNEDNESS_OVERLOAD -pipe -I/data/data/com.termux/files/usr/include -L/data/data/com.termux/files/usr/lib -Wl,--enable-new-dtags -Wl,--as-needed -Wl,-z,relro,-z,now -Wl,--export-dynamic  conftest.c  >&5
configure:8219: $? = 0
configure:8219: result: yes
configure:8219: checking for strchrnul
configure:8219: aarch64-linux-android-clang -o conftest  -fstack-protector-strong -Oz -DBIONIC_IOCTL_NO_SIGNEDNESS_OVERLOAD -pipe -I/data/data/com.termux/files/usr/include -L/data/data/com.termux/files/usr/lib -Wl,--enable-new-dtags -Wl,--as-needed -Wl,-z,relro,-z,now -Wl,--export-dynamic  conftest.c  >&5
configure:8219: $? = 0
configure:8219: result: yes
configure:8219: checking for localtime_r
configure:8219: aarch64-linux-android-clang -o conftest  -fstack-protector-strong -Oz -DBIONIC_IOCTL_NO_SIGNEDNESS_OVERLOAD -pipe -I/data/data/com.termux/files/usr/include -L/data/data/com.termux/files/usr/lib -Wl,--enable-new-dtags -Wl,--as-needed -Wl,-z,relro,-z,now -Wl,--export-dynamic  conftest.c  >&5
configure:8219: $? = 0
configure:8219: result: yes
configure:8219: checking for gmtime_r
configure:8219: aarch64-linux-android-clang -o conftest  -fstack-protector-strong -Oz -DBIONIC_IOCTL_NO_SIGNEDNESS_OVERLOAD -pipe -I/data/data/com.termux/files/usr/include -L/data/data/com.termux/files/usr/lib -Wl,--enable-new-dtags -Wl,--as-needed -Wl,-z,relro,-z,now -Wl,--export-dynamic  conftest.c  >&5
configure:8219: $? = 0
configure:8219: result: yes
configure:8219: checking for localtime_s
configure:8219: aarch64-linux-android-clang -o conftest  -fstack-protector-strong -Oz -DBIONIC_IOCTL_NO_SIGNEDNESS_OVERLOAD -pipe -I/data/data/com.termux/files/usr/include -L/data/data/com.termux/files/usr/lib -Wl,--enable-new-dtags -Wl,--as-needed -Wl,-z,relro,-z,now -Wl,--export-dynamic  conftest.c  >&5
/data/data/com.termux/files/usr/bin/aarch64-linux-android-ld: /data/data/com.termux/files/usr/tmp/conftest-f2e900.o: in function `main':
conftest.c:(.text+0x8): undefined reference to `localtime_s'
clang-10: error: linker command failed with exit code 1 (use -v to see invocation)
configure:8219: $? = 1
configure: failed program was:
| /* confdefs.h */
| #define PACKAGE_NAME "sqlite"
| #define PACKAGE_TARNAME "sqlite"
| #define PACKAGE_VERSION "3.30.1.2"
| #define PACKAGE_STRING "sqlite 3.30.1.2"
| #define PACKAGE_BUGREPORT ""
| #define PACKAGE_URL ""
| #define BUILD_sqlite /**/
| #define STDC_HEADERS 1
| #define HAVE_SYS_TYPES_H 1
| #define HAVE_SYS_STAT_H 1
| #define HAVE_STDLIB_H 1
| #define HAVE_STRING_H 1
| #define HAVE_MEMORY_H 1
| #define HAVE_STRINGS_H 1
| #define HAVE_INTTYPES_H 1
| #define HAVE_STDINT_H 1
| #define HAVE_UNISTD_H 1
| #define USE_THREAD_ALLOC 1
| #define _REENTRANT 1
| #define _THREAD_SAFE 1
| #define TCL_THREADS 1
| #define SQLITE_THREADSAFE 1
| #define USE_TCL_STUBS 1
| #define USE_TCLOO_STUBS 1
| #define MODULE_SCOPE extern __attribute__((__visibility__("hidden")))
| #define HAVE_HIDDEN 1
| #define HAVE_CAST_TO_UNION 1
| #define HAVE_STDBOOL_H 1
| #define TCL_WIDE_INT_IS_LONG 1
| #define USE_TCL_STUBS 1
| #define HAVE_MALLOC_H 1
| #define HAVE_FDATASYNC 1
| #define HAVE_USLEEP 1
| #define HAVE_STRCHRNUL 1
| #define HAVE_LOCALTIME_R 1
| #define HAVE_GMTIME_R 1
| /* end confdefs.h.  */
| /* Define localtime_s to an innocuous variant, in case <limits.h> declares localtime_s.
|    For example, HP-UX 11i <limits.h> declares gettimeofday.  */
| #define localtime_s innocuous_localtime_s
| 
| /* System header to define __stub macros and hopefully few prototypes,
|     which can conflict with char localtime_s (); below.
|     Prefer <limits.h> to <assert.h> if __STDC__ is defined, since
|     <limits.h> exists even on freestanding compilers.  */
| 
| #ifdef __STDC__
| # include <limits.h>
| #else
| # include <assert.h>
| #endif
| 
| #undef localtime_s
| 
| /* Override any GCC internal prototype to avoid an error.
|    Use char because int might match the return type of a GCC
|    builtin and then its argument prototype would still apply.  */
| #ifdef __cplusplus
| extern "C"
| #endif
| char localtime_s ();
| /* The GNU C library defines this for functions which it implements
|     to always fail with ENOSYS.  Some functions are actually named
|     something starting with __ and the normal name is an alias.  */
| #if defined __stub_localtime_s || defined __stub___localtime_s
| choke me
| #endif
| 
| int
| main ()
| {
| return localtime_s ();
|   ;
|   return 0;
| }
configure:8219: result: no
configure:8219: checking for malloc_usable_size
configure:8219: aarch64-linux-android-clang -o conftest  -fstack-protector-strong -Oz -DBIONIC_IOCTL_NO_SIGNEDNESS_OVERLOAD -pipe -I/data/data/com.termux/files/usr/include -L/data/data/com.termux/files/usr/lib -Wl,--enable-new-dtags -Wl,--as-needed -Wl,-z,relro,-z,now -Wl,--export-dynamic  conftest.c  >&5
configure:8219: $? = 0
configure:8219: result: yes
configure:8219: checking for utime
configure:8219: aarch64-linux-android-clang -o conftest  -fstack-protector-strong -Oz -DBIONIC_IOCTL_NO_SIGNEDNESS_OVERLOAD -pipe -I/data/data/com.termux/files/usr/include -L/data/data/com.termux/files/usr/lib -Wl,--enable-new-dtags -Wl,--as-needed -Wl,-z,relro,-z,now -Wl,--export-dynamic  conftest.c  >&5
configure:8219: $? = 0
configure:8219: result: yes
configure:8219: checking for flock
configure:8219: aarch64-linux-android-clang -o conftest  -fstack-protector-strong -Oz -DBIONIC_IOCTL_NO_SIGNEDNESS_OVERLOAD -pipe -I/data/data/com.termux/files/usr/include -L/data/data/com.termux/files/usr/lib -Wl,--enable-new-dtags -Wl,--as-needed -Wl,-z,relro,-z,now -Wl,--export-dynamic  conftest.c  >&5
configure:8219: $? = 0
configure:8219: result: yes
configure:8219: checking for readlink
configure:8219: aarch64-linux-android-clang -o conftest  -fstack-protector-strong -Oz -DBIONIC_IOCTL_NO_SIGNEDNESS_OVERLOAD -pipe -I/data/data/com.termux/files/usr/include -L/data/data/com.termux/files/usr/lib -Wl,--enable-new-dtags -Wl,--as-needed -Wl,-z,relro,-z,now -Wl,--export-dynamic  conftest.c  >&5
configure:8219: $? = 0
configure:8219: result: yes
configure:8219: checking for lstat
configure:8219: aarch64-linux-android-clang -o conftest  -fstack-protector-strong -Oz -DBIONIC_IOCTL_NO_SIGNEDNESS_OVERLOAD -pipe -I/data/data/com.termux/files/usr/include -L/data/data/com.termux/files/usr/lib -Wl,--enable-new-dtags -Wl,--as-needed -Wl,-z,relro,-z,now -Wl,--export-dynamic  conftest.c  >&5
configure:8219: $? = 0
configure:8219: result: yes
configure:8219: checking for pread
configure:8219: aarch64-linux-android-clang -o conftest  -fstack-protector-strong -Oz -DBIONIC_IOCTL_NO_SIGNEDNESS_OVERLOAD -pipe -I/data/data/com.termux/files/usr/include -L/data/data/com.termux/files/usr/lib -Wl,--enable-new-dtags -Wl,--as-needed -Wl,-z,relro,-z,now -Wl,--export-dynamic  conftest.c  >&5
configure:8219: $? = 0
configure:8219: result: yes
configure:8219: checking for pread64
configure:8219: aarch64-linux-android-clang -o conftest  -fstack-protector-strong -Oz -DBIONIC_IOCTL_NO_SIGNEDNESS_OVERLOAD -pipe -I/data/data/com.termux/files/usr/include -L/data/data/com.termux/files/usr/lib -Wl,--enable-new-dtags -Wl,--as-needed -Wl,-z,relro,-z,now -Wl,--export-dynamic  conftest.c  >&5
configure:8219: $? = 0
configure:8219: result: yes
configure:8219: checking for pwrite
configure:8219: aarch64-linux-android-clang -o conftest  -fstack-protector-strong -Oz -DBIONIC_IOCTL_NO_SIGNEDNESS_OVERLOAD -pipe -I/data/data/com.termux/files/usr/include -L/data/data/com.termux/files/usr/lib -Wl,--enable-new-dtags -Wl,--as-needed -Wl,-z,relro,-z,now -Wl,--export-dynamic  conftest.c  >&5
configure:8219: $? = 0
configure:8219: result: yes
configure:8219: checking for pwrite64
configure:8219: aarch64-linux-android-clang -o conftest  -fstack-protector-strong -Oz -DBIONIC_IOCTL_NO_SIGNEDNESS_OVERLOAD -pipe -I/data/data/com.termux/files/usr/include -L/data/data/com.termux/files/usr/lib -Wl,--enable-new-dtags -Wl,--as-needed -Wl,-z,relro,-z,now -Wl,--export-dynamic  conftest.c  >&5
configure:8219: $? = 0
configure:8219: result: yes
configure:8219: checking for rand_s
configure:8219: aarch64-linux-android-clang -o conftest  -fstack-protector-strong -Oz -DBIONIC_IOCTL_NO_SIGNEDNESS_OVERLOAD -pipe -I/data/data/com.termux/files/usr/include -L/data/data/com.termux/files/usr/lib -Wl,--enable-new-dtags -Wl,--as-needed -Wl,-z,relro,-z,now -Wl,--export-dynamic  conftest.c  >&5
/data/data/com.termux/files/usr/bin/aarch64-linux-android-ld: /data/data/com.termux/files/usr/tmp/conftest-9cbbfa.o: in function `main':
conftest.c:(.text+0x8): undefined reference to `rand_s'
clang-10: error: linker command failed with exit code 1 (use -v to see invocation)
configure:8219: $? = 1
configure: failed program was:
| /* confdefs.h */
| #define PACKAGE_NAME "sqlite"
| #define PACKAGE_TARNAME "sqlite"
| #define PACKAGE_VERSION "3.30.1.2"
| #define PACKAGE_STRING "sqlite 3.30.1.2"
| #define PACKAGE_BUGREPORT ""
| #define PACKAGE_URL ""
| #define BUILD_sqlite /**/
| #define STDC_HEADERS 1
| #define HAVE_SYS_TYPES_H 1
| #define HAVE_SYS_STAT_H 1
| #define HAVE_STDLIB_H 1
| #define HAVE_STRING_H 1
| #define HAVE_MEMORY_H 1
| #define HAVE_STRINGS_H 1
| #define HAVE_INTTYPES_H 1
| #define HAVE_STDINT_H 1
| #define HAVE_UNISTD_H 1
| #define USE_THREAD_ALLOC 1
| #define _REENTRANT 1
| #define _THREAD_SAFE 1
| #define TCL_THREADS 1
| #define SQLITE_THREADSAFE 1
| #define USE_TCL_STUBS 1
| #define USE_TCLOO_STUBS 1
| #define MODULE_SCOPE extern __attribute__((__visibility__("hidden")))
| #define HAVE_HIDDEN 1
| #define HAVE_CAST_TO_UNION 1
| #define HAVE_STDBOOL_H 1
| #define TCL_WIDE_INT_IS_LONG 1
| #define USE_TCL_STUBS 1
| #define HAVE_MALLOC_H 1
| #define HAVE_FDATASYNC 1
| #define HAVE_USLEEP 1
| #define HAVE_STRCHRNUL 1
| #define HAVE_LOCALTIME_R 1
| #define HAVE_GMTIME_R 1
| #define HAVE_MALLOC_USABLE_SIZE 1
| #define HAVE_UTIME 1
| #define HAVE_FLOCK 1
| #define HAVE_READLINK 1
| #define HAVE_LSTAT 1
| #define HAVE_PREAD 1
| #define HAVE_PREAD64 1
| #define HAVE_PWRITE 1
| #define HAVE_PWRITE64 1
| /* end confdefs.h.  */
| /* Define rand_s to an innocuous variant, in case <limits.h> declares rand_s.
|    For example, HP-UX 11i <limits.h> declares gettimeofday.  */
| #define rand_s innocuous_rand_s
| 
| /* System header to define __stub macros and hopefully few prototypes,
|     which can conflict with char rand_s (); below.
|     Prefer <limits.h> to <assert.h> if __STDC__ is defined, since
|     <limits.h> exists even on freestanding compilers.  */
| 
| #ifdef __STDC__
| # include <limits.h>
| #else
| # include <assert.h>
| #endif
| 
| #undef rand_s
| 
| /* Override any GCC internal prototype to avoid an error.
|    Use char because int might match the return type of a GCC
|    builtin and then its argument prototype would still apply.  */
| #ifdef __cplusplus
| extern "C"
| #endif
| char rand_s ();
| /* The GNU C library defines this for functions which it implements
|     to always fail with ENOSYS.  Some functions are actually named
|     something starting with __ and the normal name is an alias.  */
| #if defined __stub_rand_s || defined __stub___rand_s
| choke me
| #endif
| 
| int
| main ()
| {
| return rand_s ();
|   ;
|   return 0;
| }
configure:8219: result: no
configure:8229: checking whether strerror_r is declared
configure:8229: aarch64-linux-android-clang -c  -fstack-protector-strong -Oz -DBIONIC_IOCTL_NO_SIGNEDNESS_OVERLOAD -pipe -I/data/data/com.termux/files/usr/include conftest.c >&5
configure:8229: $? = 0
configure:8229: result: yes
configure:8242: checking for strerror_r
configure:8242: aarch64-linux-android-clang -o conftest  -fstack-protector-strong -Oz -DBIONIC_IOCTL_NO_SIGNEDNESS_OVERLOAD -pipe -I/data/data/com.termux/files/usr/include -L/data/data/com.termux/files/usr/lib -Wl,--enable-new-dtags -Wl,--as-needed -Wl,-z,relro,-z,now -Wl,--export-dynamic  conftest.c  >&5
configure:8242: $? = 0
configure:8242: result: yes
configure:8251: checking whether strerror_r returns char *
configure:8275: aarch64-linux-android-clang -c  -fstack-protector-strong -Oz -DBIONIC_IOCTL_NO_SIGNEDNESS_OVERLOAD -pipe -I/data/data/com.termux/files/usr/include conftest.c >&5
conftest.c:88:13: error: indirection requires pointer operand ('int' invalid)
          char x = *strerror_r (0, buf, sizeof buf);
                   ^~~~~~~~~~~~~~~~~~~~~~~~~~~~~~~~
conftest.c:89:10: warning: incompatible integer to pointer conversion initializing 'char *' with an expression of type 'int' [-Wint-conversion]
          char *p = strerror_r (0, buf, sizeof buf);
                ^   ~~~~~~~~~~~~~~~~~~~~~~~~~~~~~~~
1 warning and 1 error generated.
configure:8275: $? = 1
configure: failed program was:
| /* confdefs.h */
| #define PACKAGE_NAME "sqlite"
| #define PACKAGE_TARNAME "sqlite"
| #define PACKAGE_VERSION "3.30.1.2"
| #define PACKAGE_STRING "sqlite 3.30.1.2"
| #define PACKAGE_BUGREPORT ""
| #define PACKAGE_URL ""
| #define BUILD_sqlite /**/
| #define STDC_HEADERS 1
| #define HAVE_SYS_TYPES_H 1
| #define HAVE_SYS_STAT_H 1
| #define HAVE_STDLIB_H 1
| #define HAVE_STRING_H 1
| #define HAVE_MEMORY_H 1
| #define HAVE_STRINGS_H 1
| #define HAVE_INTTYPES_H 1
| #define HAVE_STDINT_H 1
| #define HAVE_UNISTD_H 1
| #define USE_THREAD_ALLOC 1
| #define _REENTRANT 1
| #define _THREAD_SAFE 1
| #define TCL_THREADS 1
| #define SQLITE_THREADSAFE 1
| #define USE_TCL_STUBS 1
| #define USE_TCLOO_STUBS 1
| #define MODULE_SCOPE extern __attribute__((__visibility__("hidden")))
| #define HAVE_HIDDEN 1
| #define HAVE_CAST_TO_UNION 1
| #define HAVE_STDBOOL_H 1
| #define TCL_WIDE_INT_IS_LONG 1
| #define USE_TCL_STUBS 1
| #define HAVE_MALLOC_H 1
| #define HAVE_FDATASYNC 1
| #define HAVE_USLEEP 1
| #define HAVE_STRCHRNUL 1
| #define HAVE_LOCALTIME_R 1
| #define HAVE_GMTIME_R 1
| #define HAVE_MALLOC_USABLE_SIZE 1
| #define HAVE_UTIME 1
| #define HAVE_FLOCK 1
| #define HAVE_READLINK 1
| #define HAVE_LSTAT 1
| #define HAVE_PREAD 1
| #define HAVE_PREAD64 1
| #define HAVE_PWRITE 1
| #define HAVE_PWRITE64 1
| #define HAVE_DECL_STRERROR_R 1
| #define HAVE_STRERROR_R 1
| /* end confdefs.h.  */
| #include <stdio.h>
| #ifdef HAVE_SYS_TYPES_H
| # include <sys/types.h>
| #endif
| #ifdef HAVE_SYS_STAT_H
| # include <sys/stat.h>
| #endif
| #ifdef STDC_HEADERS
| # include <stdlib.h>
| # include <stddef.h>
| #else
| # ifdef HAVE_STDLIB_H
| #  include <stdlib.h>
| # endif
| #endif
| #ifdef HAVE_STRING_H
| # if !defined STDC_HEADERS && defined HAVE_MEMORY_H
| #  include <memory.h>
| # endif
| # include <string.h>
| #endif
| #ifdef HAVE_STRINGS_H
| # include <strings.h>
| #endif
| #ifdef HAVE_INTTYPES_H
| # include <inttypes.h>
| #endif
| #ifdef HAVE_STDINT_H
| # include <stdint.h>
| #endif
| #ifdef HAVE_UNISTD_H
| # include <unistd.h>
| #endif
| int
| main ()
| {
| 
| 	  char buf[100];
| 	  char x = *strerror_r (0, buf, sizeof buf);
| 	  char *p = strerror_r (0, buf, sizeof buf);
| 	  return !p || x;
| 
|   ;
|   return 0;
| }
configure:8313: result: no
configure:8441: checking for tclsh
configure:8476: result: /data/data/com.termux/files/home/.termux-build/tcl/build/tclsh
configure:8642: creating ./config.status

## ---------------------- ##
## Running config.status. ##
## ---------------------- ##

This file was extended by sqlite config.status 3.30.1.2, which was
generated by GNU Autoconf 2.69.  Invocation command line was

  CONFIG_FILES    = 
  CONFIG_HEADERS  = 
  CONFIG_LINKS    = 
  CONFIG_COMMANDS = 
  $ ./config.status 

on localhost

config.status:805: creating Makefile
config.status:805: creating pkgIndex.tcl
configure:9644: WARNING: unrecognized options: --disable-dependency-tracking, --disable-rpath-hack, --enable-man-symlinks, --disable-nls, --enable-static

## ---------------- ##
## Cache variables. ##
## ---------------- ##

ac_cv_c_bigendian='no'
ac_cv_c_compiler_gnu='yes'
ac_cv_c_tclconfig='/data/data/com.termux/files/home/.termux-build/tcl/build'
ac_cv_c_tclh='/data/data/com.termux/files/home/.termux-build/tcl/src/generic'
ac_cv_env_CC_set='set'
ac_cv_env_CC_value='aarch64-linux-android-clang'
ac_cv_env_CFLAGS_set='set'
ac_cv_env_CFLAGS_value=' -fstack-protector-strong -Oz -DBIONIC_IOCTL_NO_SIGNEDNESS_OVERLOAD'
ac_cv_env_CPPFLAGS_set='set'
ac_cv_env_CPPFLAGS_value='-I/data/data/com.termux/files/usr/include'
ac_cv_env_CPP_set='set'
ac_cv_env_CPP_value='aarch64-linux-android-cpp'
ac_cv_env_LDFLAGS_set='set'
ac_cv_env_LDFLAGS_value='-L/data/data/com.termux/files/usr/lib -Wl,--enable-new-dtags -Wl,--as-needed -Wl,-z,relro,-z,now'
ac_cv_env_LIBS_set=''
ac_cv_env_LIBS_value=''
ac_cv_env_build_alias_set=''
ac_cv_env_build_alias_value=''
ac_cv_env_host_alias_set='set'
ac_cv_env_host_alias_value='aarch64-linux-android'
ac_cv_env_target_alias_set=''
ac_cv_env_target_alias_value=''
ac_cv_func_fdatasync='yes'
ac_cv_func_flock='yes'
ac_cv_func_getpwent='no'
ac_cv_func_getpwnam='no'
ac_cv_func_getpwuid='no'
ac_cv_func_gmtime_r='yes'
ac_cv_func_localtime_r='yes'
ac_cv_func_localtime_s='no'
ac_cv_func_lstat='yes'
ac_cv_func_malloc_usable_size='yes'
ac_cv_func_memcmp='yes'
ac_cv_func_memcmp_working='yes'
ac_cv_func_pread64='yes'
ac_cv_func_pread='yes'
ac_cv_func_pwrite64='yes'
ac_cv_func_pwrite='yes'
ac_cv_func_rand_s='no'
ac_cv_func_readlink='yes'
ac_cv_func_sigsetmask='no'
ac_cv_func_strchrnul='yes'
ac_cv_func_strerror_r='yes'
ac_cv_func_strerror_r_char_p='no'
ac_cv_func_strtod='yes'
ac_cv_func_strtoul='yes'
ac_cv_func_usleep='yes'
ac_cv_func_utime='yes'
ac_cv_have_decl_strerror_r='yes'
ac_cv_header_inttypes_h='yes'
ac_cv_header_malloc_h='yes'
ac_cv_header_memory_h='yes'
ac_cv_header_stdbool_h='yes'
ac_cv_header_stdc='yes'
ac_cv_header_stdint_h='yes'
ac_cv_header_stdlib_h='yes'
ac_cv_header_string_h='yes'
ac_cv_header_strings_h='yes'
ac_cv_header_sys_stat_h='yes'
ac_cv_header_sys_types_h='yes'
ac_cv_header_unistd_h='yes'
ac_cv_lib_pthread_pthread_mutex_init='yes'
ac_cv_objext='o'
ac_cv_path_EGREP='/data/data/com.termux/files/usr/bin/grep -E'
ac_cv_path_GREP='/data/data/com.termux/files/usr/bin/grep'
ac_cv_prog_AR='aarch64-linux-android-ar'
ac_cv_prog_CC='aarch64-linux-android-clang'
ac_cv_prog_CPP='aarch64-linux-android-cpp'
ac_cv_prog_RANLIB='aarch64-linux-android-ranlib'
ac_cv_prog_cc_c89=''
ac_cv_prog_cc_g='yes'
ac_cv_prog_make_make_set='yes'
tcl_cv_cast_to_union='yes'
tcl_cv_cc_pipe='yes'
tcl_cv_cc_visibility_hidden='yes'
tcl_cv_flag__isoc99_source='no'
tcl_cv_flag__largefile64_source='no'
tcl_cv_flag__largefile_source64='no'
tcl_cv_strstr_unbroken='ok'
tcl_cv_strtod_buggy='ok'
tcl_cv_strtod_unbroken='ok'
tcl_cv_strtoul_unbroken='ok'
tcl_cv_sys_version='Linux-3.18.31-perf-g502f558-01155-g2e5b524-dirty'
tcl_cv_type_64bit='none'

## ----------------- ##
## Output variables. ##
## ----------------- ##

AR='aarch64-linux-android-ar'
CC='aarch64-linux-android-clang'
CFLAGS=' -fstack-protector-strong -Oz -DBIONIC_IOCTL_NO_SIGNEDNESS_OVERLOAD -pipe ${CFLAGS_DEFAULT} ${CFLAGS_WARNING} ${SHLIB_CFLAGS} -I/data/data/com.termux/files/usr/include'
CFLAGS_DEBUG='-g'
CFLAGS_DEFAULT='-O2 -fomit-frame-pointer -DNDEBUG'
CFLAGS_OPTIMIZE='-O2 -fomit-frame-pointer'
CFLAGS_WARNING='-Wall'
CLEANFILES=''
CPP='aarch64-linux-android-cpp'
CPPFLAGS=''
CYGPATH='echo'
DEFS='-DPACKAGE_NAME=\"sqlite\" -DPACKAGE_TARNAME=\"sqlite\" -DPACKAGE_VERSION=\"3.30.1.2\" -DPACKAGE_STRING=\"sqlite\ 3.30.1.2\" -DPACKAGE_BUGREPORT=\"\" -DPACKAGE_URL=\"\" -DBUILD_sqlite=/\*\*/ -DSTDC_HEADERS=1 -DHAVE_SYS_TYPES_H=1 -DHAVE_SYS_STAT_H=1 -DHAVE_STDLIB_H=1 -DHAVE_STRING_H=1 -DHAVE_MEMORY_H=1 -DHAVE_STRINGS_H=1 -DHAVE_INTTYPES_H=1 -DHAVE_STDINT_H=1 -DHAVE_UNISTD_H=1 -DUSE_THREAD_ALLOC=1 -D_REENTRANT=1 -D_THREAD_SAFE=1 -DTCL_THREADS=1 -DSQLITE_THREADSAFE=1 -DUSE_TCL_STUBS=1 -DUSE_TCLOO_STUBS=1 -DMODULE_SCOPE=extern\ __attribute__\(\(__visibility__\(\"hidden\"\)\)\) -DHAVE_HIDDEN=1 -DHAVE_CAST_TO_UNION=1 -DHAVE_STDBOOL_H=1 -DTCL_WIDE_INT_IS_LONG=1 -DUSE_TCL_STUBS=1 -DHAVE_MALLOC_H=1 -DHAVE_FDATASYNC=1 -DHAVE_USLEEP=1 -DHAVE_STRCHRNUL=1 -DHAVE_LOCALTIME_R=1 -DHAVE_GMTIME_R=1 -DHAVE_MALLOC_USABLE_SIZE=1 -DHAVE_UTIME=1 -DHAVE_FLOCK=1 -DHAVE_READLINK=1 -DHAVE_LSTAT=1 -DHAVE_PREAD=1 -DHAVE_PREAD64=1 -DHAVE_PWRITE=1 -DHAVE_PWRITE64=1 -DHAVE_DECL_STRERROR_R=1 -DHAVE_STRERROR_R=1'
ECHO_C=''
ECHO_N='-n'
ECHO_T=''
EGREP='/data/data/com.termux/files/usr/bin/grep -E'
EXEEXT=''
GREP='/data/data/com.termux/files/usr/bin/grep'
INSTALL='$(SHELL) $(srcdir)/tclconfig/install-sh -c'
INSTALL_DATA='${INSTALL} -m 644'
INSTALL_DATA_DIR='${INSTALL} -d -m 755'
INSTALL_LIBRARY='${INSTALL} -m 644'
INSTALL_PROGRAM='${INSTALL} -m 755'
INSTALL_SCRIPT='${INSTALL} -m 755'
LDFLAGS='-L/data/data/com.termux/files/usr/lib -Wl,--enable-new-dtags -Wl,--as-needed -Wl,-z,relro,-z,now -Wl,--export-dynamic '
LDFLAGS_DEFAULT='-L/data/data/com.termux/files/usr/lib -Wl,--enable-new-dtags -Wl,--as-needed -Wl,-z,relro,-z,now -Wl,--export-dynamic '
LD_LIBRARY_PATH_VAR='LD_LIBRARY_PATH'
LIBOBJS=''
LIBS=''
LTLIBOBJS=''
MAKE_LIB='${SHLIB_LD} -o $@ $(PKG_OBJECTS) ${SHLIB_LD_LIBS} '
MAKE_SHARED_LIB='${SHLIB_LD} -o $@ $(PKG_OBJECTS) ${SHLIB_LD_LIBS}'
MAKE_STATIC_LIB='${STLIB_LD} $@ $(PKG_OBJECTS)'
MAKE_STUB_LIB='${STLIB_LD} $@ $(PKG_STUB_OBJECTS)'
OBJEXT='o'
PACKAGE_BUGREPORT=''
PACKAGE_NAME='sqlite'
PACKAGE_STRING='sqlite 3.30.1.2'
PACKAGE_TARNAME='sqlite'
PACKAGE_URL=''
PACKAGE_VERSION='3.30.1.2'
PATH_SEPARATOR=':'
PKG_CFLAGS=' -DSQLITE_ENABLE_DBPAGE_VTAB=1 -DSQLITE_ENABLE_DBSTAT_VTAB=1 -DSQLITE_ENABLE_FTS3_PARENTHESIS=1 -DSQLITE_ENABLE_FTS4=1 -DSQLITE_ENABLE_FTS5=1 -DSQLITE_ENABLE_COLUMN_METADATA=1 -DSQLITE_ENABLE_JSON1=1 -DSQLITE_3_SUFFIX_ONLY=1 -DSQLITE_ENABLE_RTREE=1 -DSQLITE_ENABLE_GEOPOLY=1 -DSQLITE_ENABLE_STAT4=1 -DSQLITE_ENABLE_UPDATE_DELETE_LIMIT=1 -DSQLITE_LIKE_DOESNT_MATCH_BLOBS=1 -DSQLITE_UNTESTABLE=1 -DSQLITE_OMIT_DEPRECATED=1 -DSQLITE_OMIT_LOOKASIDE=1 -DSQLITE_SECURE_DELETE=1 -DSQLITE_SOUNDEX=1 -DSQLITE_USE_ALLOCA=1 -DSQLITE_WIN32_NO_ANSI=1 -DSQLITE_WIN32_GETVERSIONEX=0'
PKG_HEADERS=''
PKG_INCLUDES=' -I"/data/data/com.termux/files/home/.termux-build/tcl/src/pkgs/sqlite3.30.1.2/generic"'
PKG_LIBS=' -lpthread'
PKG_LIB_FILE='libsqlite3.30.1.2.so'
PKG_OBJECTS=' tclsqlite3.o'
PKG_SOURCES=' tclsqlite3.c'
PKG_STUB_LIB_FILE='libsqlitestub3.30.1.2.a'
PKG_STUB_OBJECTS=''
PKG_STUB_SOURCES=''
PKG_TCL_SOURCES=''
RANLIB=':'
RANLIB_STUB='aarch64-linux-android-ranlib'
RC=''
SET_MAKE=''
SHARED_BUILD='1'
SHELL='/bin/sh'
SHLIB_CFLAGS='-fPIC'
SHLIB_LD='${CC} ${CFLAGS} ${LDFLAGS_DEFAULT} -shared'
SHLIB_LD_LIBS='${LIBS} -L/data/data/com.termux/files/home/.termux-build/tcl/build -ltclstub8.6'
STLIB_LD='${AR} cr'
STUBS_BUILD='1'
TCLSH_PROG='/data/data/com.termux/files/home/.termux-build/tcl/build/tclsh'
TCL_BIN_DIR='/data/data/com.termux/files/home/.termux-build/tcl/build'
TCL_DBGX=''
TCL_DEFS='-DPACKAGE_NAME=\"tcl\" -DPACKAGE_TARNAME=\"tcl\" -DPACKAGE_VERSION=\"8.6\" -DPACKAGE_STRING=\"tcl\ 8.6\" -DPACKAGE_BUGREPORT=\"\" -DSTDC_HEADERS=1 -DHAVE_SYS_TYPES_H=1 -DHAVE_SYS_STAT_H=1 -DHAVE_STDLIB_H=1 -DHAVE_STRING_H=1 -DHAVE_MEMORY_H=1 -DHAVE_STRINGS_H=1 -DHAVE_INTTYPES_H=1 -DHAVE_STDINT_H=1 -DHAVE_UNISTD_H=1 -DNO_VALUES_H=1 -DHAVE_SYS_PARAM_H=1 -DUSE_THREAD_ALLOC=1 -D_REENTRANT=1 -D_THREAD_SAFE=1 -DHAVE_PTHREAD_ATTR_SETSTACKSIZE=1 -DHAVE_PTHREAD_ATFORK=1 -DTCL_THREADS=1 -DTCL_CFGVAL_ENCODING=\"iso8859-1\" -DHAVE_ZLIB=1 -DMODULE_SCOPE=extern\ __attribute__\(\(__visibility__\(\"hidden\"\)\)\) -DHAVE_HIDDEN=1 -DHAVE_CAST_TO_UNION=1 -DTCL_SHLIB_EXT=\".so\" -DNDEBUG=1 -DTCL_CFG_OPTIMIZED=1 -DTCL_TOMMATH=1 -DMP_PREC=4 -DTCL_WIDE_INT_IS_LONG=1 -DHAVE_GETCWD=1 -DHAVE_MKSTEMP=1 -DHAVE_OPENDIR=1 -DHAVE_STRTOL=1 -DHAVE_WAITPID=1 -DNO_GETWD=1 -DNO_WAIT3=1 -DHAVE_GETNAMEINFO=1 -DHAVE_GETADDRINFO=1 -DHAVE_FREEADDRINFO=1 -DHAVE_GAI_STRERROR=1 -DHAVE_STRUCT_ADDRINFO=1 -DHAVE_STRUCT_IN6_ADDR=1 -DHAVE_STRUCT_SOCKADDR_IN6=1 -DHAVE_STRUCT_SOCKADDR_STORAGE=1 -DHAVE_GETPWUID_R_5=1 -DHAVE_GETPWUID_R=1 -DHAVE_GETPWNAM_R_5=1 -DHAVE_GETPWNAM_R=1 -DHAVE_GETGRGID_R_5=1 -DHAVE_GETGRGID_R=1 -DHAVE_GETGRNAM_R_5=1 -DHAVE_GETGRNAM_R=1 -DHAVE_DECL_GETHOSTBYNAME_R=1 -DHAVE_GETHOSTBYNAME_R_6=1 -DHAVE_GETHOSTBYNAME_R=1 -DHAVE_DECL_GETHOSTBYADDR_R=1 -DHAVE_GETHOSTBYADDR_R_8=1 -DHAVE_GETHOSTBYADDR_R=1 -DHAVE_TERMIOS_H=1 -DHAVE_SYS_IOCTL_H=1 -DHAVE_SYS_SELECT_H=1 -DHAVE_SYS_TIME_H=1 -DTIME_WITH_SYS_TIME=1 -DHAVE_GMTIME_R=1 -DHAVE_LOCALTIME_R=1 -DHAVE_MKTIME=1 -DHAVE_TM_GMTOFF=1 -DHAVE_TIMEZONE_VAR=1 -DHAVE_STRUCT_STAT_ST_BLOCKS=1 -DHAVE_STRUCT_STAT_ST_BLKSIZE=1 -DHAVE_BLKCNT_T=1 -DHAVE_INTPTR_T=1 -DHAVE_UINTPTR_T=1 -DNO_UNION_WAIT=1 -DHAVE_SIGNED_CHAR=1 -DHAVE_LANGINFO=1 -DHAVE_MKSTEMPS=1 -DHAVE_FTS=1 -DHAVE_SYS_IOCTL_H=1 -DTCL_UNLOAD_DLLS=1 '
TCL_EXTRA_CFLAGS=' -fstack-protector-strong -Oz -DBIONIC_IOCTL_NO_SIGNEDNESS_OVERLOAD -pipe -I/data/data/com.termux/files/usr/include'
TCL_INCLUDES='-I"/data/data/com.termux/files/home/.termux-build/tcl/src/generic"'
TCL_LD_FLAGS='-L/data/data/com.termux/files/usr/lib -Wl,--enable-new-dtags -Wl,--as-needed -Wl,-z,relro,-z,now -Wl,--export-dynamic '
TCL_LIBS='-ldl -lz  -lpthread -lm'
TCL_LIB_FILE='libtcl8.6.so'
TCL_LIB_FLAG='-ltcl8.6'
TCL_LIB_SPEC='-L/data/data/com.termux/files/home/.termux-build/tcl/build -ltcl8.6'
TCL_PATCH_LEVEL='.10'
TCL_SHLIB_LD_LIBS='${LIBS}'
TCL_SRC_DIR='/data/data/com.termux/files/home/.termux-build/tcl/src'
TCL_STUB_LIB_FILE='libtclstub8.6.a'
TCL_STUB_LIB_FLAG='-ltclstub8.6'
TCL_STUB_LIB_SPEC='-L/data/data/com.termux/files/home/.termux-build/tcl/build -ltclstub8.6'
TCL_THREADS='1'
TCL_VERSION='8.6'
VC_MANIFEST_EMBED_DLL=''
VC_MANIFEST_EMBED_EXE=''
ac_ct_CC=''
bindir='${exec_prefix}/bin'
build_alias=''
datadir='${datarootdir}'
datarootdir='${prefix}/share'
docdir='${datarootdir}/doc/${PACKAGE_TARNAME}'
dvidir='${docdir}'
exec_prefix='/data/data/com.termux/files/usr'
host_alias='aarch64-linux-android'
htmldir='${docdir}'
includedir='${prefix}/include'
infodir='${datarootdir}/info'
libdir='/data/data/com.termux/files/usr/lib'
libexecdir='/data/data/com.termux/files/usr/libexec'
localedir='${datarootdir}/locale'
localstatedir='${prefix}/var'
mandir='/data/data/com.termux/files/usr/share/man'
oldincludedir='/usr/include'
pdfdir='${docdir}'
prefix='/data/data/com.termux/files/usr'
program_transform_name='s,x,x,'
psdir='${docdir}'
sbindir='${exec_prefix}/sbin'
sharedstatedir='${prefix}/com'
sysconfdir='${prefix}/etc'
target_alias=''

## ----------- ##
## confdefs.h. ##
## ----------- ##

/* confdefs.h */
#define PACKAGE_NAME "sqlite"
#define PACKAGE_TARNAME "sqlite"
#define PACKAGE_VERSION "3.30.1.2"
#define PACKAGE_STRING "sqlite 3.30.1.2"
#define PACKAGE_BUGREPORT ""
#define PACKAGE_URL ""
#define BUILD_sqlite /**/
#define STDC_HEADERS 1
#define HAVE_SYS_TYPES_H 1
#define HAVE_SYS_STAT_H 1
#define HAVE_STDLIB_H 1
#define HAVE_STRING_H 1
#define HAVE_MEMORY_H 1
#define HAVE_STRINGS_H 1
#define HAVE_INTTYPES_H 1
#define HAVE_STDINT_H 1
#define HAVE_UNISTD_H 1
#define USE_THREAD_ALLOC 1
#define _REENTRANT 1
#define _THREAD_SAFE 1
#define TCL_THREADS 1
#define SQLITE_THREADSAFE 1
#define USE_TCL_STUBS 1
#define USE_TCLOO_STUBS 1
#define MODULE_SCOPE extern __attribute__((__visibility__("hidden")))
#define HAVE_HIDDEN 1
#define HAVE_CAST_TO_UNION 1
#define HAVE_STDBOOL_H 1
#define TCL_WIDE_INT_IS_LONG 1
#define USE_TCL_STUBS 1
#define HAVE_MALLOC_H 1
#define HAVE_FDATASYNC 1
#define HAVE_USLEEP 1
#define HAVE_STRCHRNUL 1
#define HAVE_LOCALTIME_R 1
#define HAVE_GMTIME_R 1
#define HAVE_MALLOC_USABLE_SIZE 1
#define HAVE_UTIME 1
#define HAVE_FLOCK 1
#define HAVE_READLINK 1
#define HAVE_LSTAT 1
#define HAVE_PREAD 1
#define HAVE_PREAD64 1
#define HAVE_PWRITE 1
#define HAVE_PWRITE64 1
#define HAVE_DECL_STRERROR_R 1
#define HAVE_STRERROR_R 1

configure: exit 0
